00:00:03.040678 VirtualBox VM 7.0.16 r162802 win.amd64 (Apr 12 2024 19:02:49) release log
00:00:03.040680 Log opened 2024-05-22T18:32:43.604319600Z
00:00:03.040680 Build Type: release
00:00:03.040682 OS Product: Windows 10
00:00:03.040683 OS Release: 10.0.19045
00:00:03.040683 OS Service Pack: 
00:00:03.131371 DMI Product Name: System Product Name
00:00:03.133714 DMI Product Version: System Version
00:00:03.133725 Firmware type: UEFI
00:00:03.134116 Secure Boot: VERR_PRIVILEGE_NOT_HELD
00:00:03.134135 Host RAM: 32681MB (31.9GB) total, 25954MB (25.3GB) available
00:00:03.134136 Executable: C:\Program Files\Oracle\VirtualBox\VirtualBoxVM.exe
00:00:03.134137 Process ID: 3932
00:00:03.134137 Package type: WINDOWS_64BITS_GENERIC
00:00:03.134948 Installed Extension Packs:
00:00:03.134957   None installed!
00:00:03.135381 Console: Machine state changed to 'Starting'
00:00:03.135551 Qt version: 5.15.2
00:00:03.140757 GUI: UIMediumEnumerator: Medium-enumeration finished!
00:00:03.190605 GUI: UIMediumEnumerator: Medium-enumeration finished!
00:00:03.209922 SUP: seg #0: R   0x00000000 LB 0x00001000
00:00:03.209932 SUP: seg #1: R X 0x00001000 LB 0x00179000
00:00:03.209936 SUP: seg #2: R   0x0017a000 LB 0x00051000
00:00:03.209939 SUP: seg #3: RW  0x001cb000 LB 0x00013000
00:00:03.209942 SUP: seg #4: R   0x001de000 LB 0x00011000
00:00:03.209944 SUP: seg #5: RW  0x001ef000 LB 0x00004000
00:00:03.209947 SUP: seg #6: R   0x001f3000 LB 0x00010000
00:00:03.209950 SUP: seg #7: R X 0x00203000 LB 0x00002000
00:00:03.209953 SUP: seg #8: R   0x00205000 LB 0x00007000
00:00:03.210941 SUP: Loaded VMMR0.r0 (C:\Program Files\Oracle\VirtualBox/VMMR0.r0) at 0xXXXXXXXXXXXXXXXX - ModuleInit at XXXXXXXXXXXXXXXX and ModuleTerm at XXXXXXXXXXXXXXXX using the native ring-0 loader
00:00:03.210951 SUP: VMMR0EntryEx located at XXXXXXXXXXXXXXXX and VMMR0EntryFast at XXXXXXXXXXXXXXXX
00:00:03.210954 SUP: windbg> .reload /f C:\Program Files\Oracle\VirtualBox/VMMR0.r0=0xXXXXXXXXXXXXXXXX
00:00:03.212332 Guest OS type: 'Other'
00:00:03.212668 fHMForced=true - No raw-mode support in this build!
00:00:03.214334 File system of 'C:\Users\danie\Desktop\practica-eso\PracticasMinix\MinixClon\MinixClon\MinixClon-disk1.vdi' is ntfs
00:00:03.214831 File system of 'C:\Users\danie\Desktop\practica-eso\PracticasMinix\MinixClon\MinixClon\MinixClon-disk2.img' (Floppy) is ntfs
00:00:03.217334 Audio: Detected default audio driver type is 'HostAudioWas'
00:00:03.229564 Shared Clipboard: Service loaded
00:00:03.229580 Shared Clipboard: Mode: Bidirectional
00:00:03.229611 Shared Clipboard: Service running in normal mode
00:00:03.240242 Drag and drop service loaded
00:00:03.240248 Drag and drop mode: Bidirectional
00:00:03.241766 ************************* CFGM dump *************************
00:00:03.241776 [/] (level 0)
00:00:03.241778   CpuExecutionCap   <integer> = 0x0000000000000064 (100)
00:00:03.241779   EnablePAE         <integer> = 0x0000000000000000 (0)
00:00:03.241780   HMEnabled         <integer> = 0x0000000000000001 (1)
00:00:03.241780   MemBalloonSize    <integer> = 0x0000000000000000 (0, 0 B)
00:00:03.241781   Name              <string>  = "MinixClon" (cb=10)
00:00:03.241782   NumCPUs           <integer> = 0x0000000000000001 (1)
00:00:03.241782   PageFusionAllowed <integer> = 0x0000000000000000 (0)
00:00:03.241783   RamHoleSize       <integer> = 0x0000000020000000 (536 870 912, 512.0 MiB)
00:00:03.241783   RamSize           <integer> = 0x0000000020000000 (536 870 912, 512.0 MiB)
00:00:03.241784   TimerMillies      <integer> = 0x000000000000000a (10)
00:00:03.241784   UUID              <bytes>   = "9d 1f 21 b3 11 47 62 41 a8 b5 d2 e2 98 cc 06 a0" (cb=16)
00:00:03.241794 
00:00:03.241794 [/CPUM/] (level 1)
00:00:03.241795   Enable64bit        <integer> = 0x0000000000000000 (0)
00:00:03.241796   GuestCpuName       <string>  = "host" (cb=5)
00:00:03.241796   NestedHWVirt       <integer> = 0x0000000000000000 (0)
00:00:03.241797   PortableCpuIdLevel <integer> = 0x0000000000000000 (0)
00:00:03.241797   SpecCtrl           <integer> = 0x0000000000000000 (0)
00:00:03.241797 
00:00:03.241797 [/CPUM/IsaExts/] (level 2)
00:00:03.241798 
00:00:03.241798 [/DBGC/] (level 1)
00:00:03.241798   GlobalInitScript <string>  = "C:\Users\danie\.VirtualBox/dbgc-init" (cb=37)
00:00:03.241799   HistoryFile      <string>  = "C:\Users\danie\.VirtualBox/dbgc-history" (cb=40)
00:00:03.241799   LocalInitScript  <string>  = "C:\Users\danie\Desktop\practica-eso\PracticasMinix\MinixClon\MinixClon/dbgc-init" (cb=81)
00:00:03.241799 
00:00:03.241799 [/DBGF/] (level 1)
00:00:03.241801   Path <string>  = "C:\Users\danie\Desktop\practica-eso\PracticasMinix\MinixClon\MinixClon/debug/;C:\Users\danie\Desktop\practica-eso\PracticasMinix\MinixClon\MinixClon/;cache*C:\Users\danie\Desktop\practica-eso\PracticasMinix\MinixClon\MinixClon/dbgcache/;C:\Users\danie\" (cb=253)
00:00:03.241801 
00:00:03.241801 [/Devices/] (level 1)
00:00:03.241802 
00:00:03.241802 [/Devices/3c501/] (level 2)
00:00:03.241802 
00:00:03.241802 [/Devices/8237A/] (level 2)
00:00:03.241803 
00:00:03.241803 [/Devices/8237A/0/] (level 3)
00:00:03.241803   Trusted <integer> = 0x0000000000000001 (1)
00:00:03.241803 
00:00:03.241804 [/Devices/VMMDev/] (level 2)
00:00:03.241804 
00:00:03.241804 [/Devices/VMMDev/0/] (level 3)
00:00:03.241805   PCIBusNo      <integer> = 0x0000000000000000 (0)
00:00:03.241805   PCIDeviceNo   <integer> = 0x0000000000000004 (4)
00:00:03.241805   PCIFunctionNo <integer> = 0x0000000000000000 (0)
00:00:03.241805   Trusted       <integer> = 0x0000000000000001 (1)
00:00:03.241806 
00:00:03.241806 [/Devices/VMMDev/0/Config/] (level 4)
00:00:03.241806   GuestCoreDumpDir <string>  = "C:\Users\danie\Desktop\practica-eso\PracticasMinix\MinixClon\MinixClon\Snapshots" (cb=81)
00:00:03.241807 
00:00:03.241807 [/Devices/VMMDev/0/LUN#0/] (level 4)
00:00:03.241807   Driver <string>  = "HGCM" (cb=5)
00:00:03.241807 
00:00:03.241807 [/Devices/VMMDev/0/LUN#0/Config/] (level 5)
00:00:03.241808 
00:00:03.241808 [/Devices/VMMDev/0/LUN#999/] (level 4)
00:00:03.241808   Driver <string>  = "MainStatus" (cb=11)
00:00:03.241809 
00:00:03.241809 [/Devices/VMMDev/0/LUN#999/Config/] (level 5)
00:00:03.241809   First                <integer> = 0x0000000000000000 (0)
00:00:03.241810   HasMediumAttachments <integer> = 0x0000000000000000 (0)
00:00:03.241810   Last                 <integer> = 0x0000000000000000 (0)
00:00:03.241810   iLedSet              <integer> = 0x0000000000000006 (6)
00:00:03.241811 
00:00:03.241811 [/Devices/acpi/] (level 2)
00:00:03.241811 
00:00:03.241811 [/Devices/acpi/0/] (level 3)
00:00:03.241812   PCIBusNo      <integer> = 0x0000000000000000 (0)
00:00:03.241812   PCIDeviceNo   <integer> = 0x0000000000000007 (7)
00:00:03.241812   PCIFunctionNo <integer> = 0x0000000000000000 (0)
00:00:03.241812   Trusted       <integer> = 0x0000000000000001 (1)
00:00:03.241813 
00:00:03.241813 [/Devices/acpi/0/Config/] (level 4)
00:00:03.241813   CpuHotPlug          <integer> = 0x0000000000000000 (0)
00:00:03.241814   FdcEnabled          <integer> = 0x0000000000000001 (1)
00:00:03.241814   HostBusPciAddress   <integer> = 0x0000000000000000 (0)
00:00:03.241814   HpetEnabled         <integer> = 0x0000000000000000 (0)
00:00:03.241815   IOAPIC              <integer> = 0x0000000000000000 (0)
00:00:03.241815   IocPciAddress       <integer> = 0x0000000000010000 (65 536)
00:00:03.241815   NumCPUs             <integer> = 0x0000000000000001 (1)
00:00:03.241816   Parallel0IoPortBase <integer> = 0x0000000000000000 (0)
00:00:03.241816   Parallel0Irq        <integer> = 0x0000000000000000 (0)
00:00:03.241816   Parallel1IoPortBase <integer> = 0x0000000000000000 (0)
00:00:03.241816   Parallel1Irq        <integer> = 0x0000000000000000 (0)
00:00:03.241817   Serial0IoPortBase   <integer> = 0x0000000000000000 (0)
00:00:03.241817   Serial0Irq          <integer> = 0x0000000000000000 (0)
00:00:03.241817   Serial1IoPortBase   <integer> = 0x0000000000000000 (0)
00:00:03.241817   Serial1Irq          <integer> = 0x0000000000000000 (0)
00:00:03.241818   ShowCpu             <integer> = 0x0000000000000000 (0)
00:00:03.241818   ShowRtc             <integer> = 0x0000000000000000 (0)
00:00:03.241818   SmcEnabled          <integer> = 0x0000000000000000 (0)
00:00:03.241819 
00:00:03.241819 [/Devices/acpi/0/LUN#0/] (level 4)
00:00:03.241819   Driver <string>  = "ACPIHost" (cb=9)
00:00:03.241820 
00:00:03.241820 [/Devices/acpi/0/LUN#0/Config/] (level 5)
00:00:03.241820 
00:00:03.241820 [/Devices/apic/] (level 2)
00:00:03.241821 
00:00:03.241821 [/Devices/apic/0/] (level 3)
00:00:03.241821   Trusted <integer> = 0x0000000000000001 (1)
00:00:03.241821 
00:00:03.241821 [/Devices/apic/0/Config/] (level 4)
00:00:03.241822   IOAPIC  <integer> = 0x0000000000000000 (0)
00:00:03.241822   Mode    <integer> = 0x0000000000000002 (2)
00:00:03.241822   NumCPUs <integer> = 0x0000000000000001 (1)
00:00:03.241823 
00:00:03.241823 [/Devices/dp8390/] (level 2)
00:00:03.241823 
00:00:03.241823 [/Devices/e1000/] (level 2)
00:00:03.241824 
00:00:03.241824 [/Devices/i82078/] (level 2)
00:00:03.241824 
00:00:03.241824 [/Devices/i82078/0/] (level 3)
00:00:03.241825   Trusted <integer> = 0x0000000000000001 (1)
00:00:03.241825 
00:00:03.241825 [/Devices/i82078/0/Config/] (level 4)
00:00:03.241826   DMA       <integer> = 0x0000000000000002 (2)
00:00:03.241826   IOBase    <integer> = 0x00000000000003f0 (1 008)
00:00:03.241826   IRQ       <integer> = 0x0000000000000006 (6)
00:00:03.241826   MemMapped <integer> = 0x0000000000000000 (0)
00:00:03.241827 
00:00:03.241827 [/Devices/i82078/0/LUN#0/] (level 4)
00:00:03.241827   Driver <string>  = "VD" (cb=3)
00:00:03.241828 
00:00:03.241828 [/Devices/i82078/0/LUN#0/Config/] (level 5)
00:00:03.241828   Format        <string>  = "RAW" (cb=4)
00:00:03.241829   MaybeReadOnly <integer> = 0x0000000000000001 (1)
00:00:03.241829   Mountable     <integer> = 0x0000000000000001 (1)
00:00:03.241829   Path          <string>  = "C:\Users\danie\Desktop\practica-eso\PracticasMinix\MinixClon\MinixClon\MinixClon-disk2.img" (cb=91)
00:00:03.241830   Type          <string>  = "Floppy 1.44" (cb=12)
00:00:03.241830 
00:00:03.241830 [/Devices/i82078/0/LUN#999/] (level 4)
00:00:03.241830   Driver <string>  = "MainStatus" (cb=11)
00:00:03.241831 
00:00:03.241831 [/Devices/i82078/0/LUN#999/Config/] (level 5)
00:00:03.241832   DeviceInstance       <string>  = "i82078/0" (cb=9)
00:00:03.241832   First                <integer> = 0x0000000000000000 (0)
00:00:03.241832   HasMediumAttachments <integer> = 0x0000000000000001 (1)
00:00:03.241833   Last                 <integer> = 0x0000000000000001 (1)
00:00:03.241833   iLedSet              <integer> = 0x0000000000000004 (4)
00:00:03.241833 
00:00:03.241833 [/Devices/i8254/] (level 2)
00:00:03.241834 
00:00:03.241834 [/Devices/i8254/0/] (level 3)
00:00:03.241834 
00:00:03.241834 [/Devices/i8254/0/Config/] (level 4)
00:00:03.241835 
00:00:03.241835 [/Devices/i8259/] (level 2)
00:00:03.241835 
00:00:03.241835 [/Devices/i8259/0/] (level 3)
00:00:03.241836   Trusted <integer> = 0x0000000000000001 (1)
00:00:03.241836 
00:00:03.241836 [/Devices/i8259/0/Config/] (level 4)
00:00:03.241837 
00:00:03.241837 [/Devices/ichac97/] (level 2)
00:00:03.241837 
00:00:03.241837 [/Devices/ichac97/0/] (level 3)
00:00:03.241838   PCIBusNo      <integer> = 0x0000000000000000 (0)
00:00:03.241838   PCIDeviceNo   <integer> = 0x0000000000000005 (5)
00:00:03.241838   PCIFunctionNo <integer> = 0x0000000000000000 (0)
00:00:03.241838   Trusted       <integer> = 0x0000000000000001 (1)
00:00:03.241839 
00:00:03.241839 [/Devices/ichac97/0/AudioConfig/] (level 4)
00:00:03.241839 
00:00:03.241839 [/Devices/ichac97/0/Config/] (level 4)
00:00:03.241840   Codec        <string>  = "STAC9700" (cb=9)
00:00:03.241840   DebugEnabled <integer> = 0x0000000000000000 (0)
00:00:03.241840 
00:00:03.241840 [/Devices/ichac97/0/LUN#0/] (level 4)
00:00:03.241841   Driver <string>  = "AUDIO" (cb=6)
00:00:03.241841 
00:00:03.241841 [/Devices/ichac97/0/LUN#0/AttachedDriver/] (level 5)
00:00:03.241842   Driver <string>  = "HostAudioWas" (cb=13)
00:00:03.241842 
00:00:03.241842 [/Devices/ichac97/0/LUN#0/AttachedDriver/Config/] (level 6)
00:00:03.241843   VmName <string>  = "MinixClon" (cb=10)
00:00:03.241843   VmUuid <string>  = "b3211f9d-4711-4162-a8b5-d2e298cc06a0" (cb=37)
00:00:03.241843 
00:00:03.241843 [/Devices/ichac97/0/LUN#0/Config/] (level 5)
00:00:03.241844   DriverName    <string>  = "HostAudioWas" (cb=13)
00:00:03.241844   InputEnabled  <integer> = 0x0000000000000000 (0)
00:00:03.241844   OutputEnabled <integer> = 0x0000000000000001 (1)
00:00:03.241844 
00:00:03.241845 [/Devices/ichac97/0/LUN#1/] (level 4)
00:00:03.241845   Driver <string>  = "AUDIO" (cb=6)
00:00:03.241845 
00:00:03.241845 [/Devices/ichac97/0/LUN#2/] (level 4)
00:00:03.241846   Driver <string>  = "AUDIO" (cb=6)
00:00:03.241846 
00:00:03.241846 [/Devices/mc146818/] (level 2)
00:00:03.241847 
00:00:03.241847 [/Devices/mc146818/0/] (level 3)
00:00:03.241847 
00:00:03.241847 [/Devices/mc146818/0/Config/] (level 4)
00:00:03.241848   UseUTC <integer> = 0x0000000000000000 (0)
00:00:03.241848 
00:00:03.241848 [/Devices/parallel/] (level 2)
00:00:03.241848 
00:00:03.241848 [/Devices/pcarch/] (level 2)
00:00:03.241849 
00:00:03.241849 [/Devices/pcarch/0/] (level 3)
00:00:03.241849   Trusted <integer> = 0x0000000000000001 (1)
00:00:03.241850 
00:00:03.241850 [/Devices/pcarch/0/Config/] (level 4)
00:00:03.241850 
00:00:03.241850 [/Devices/pcbios/] (level 2)
00:00:03.241851 
00:00:03.241851 [/Devices/pcbios/0/] (level 3)
00:00:03.241851   Trusted <integer> = 0x0000000000000001 (1)
00:00:03.241851 
00:00:03.241851 [/Devices/pcbios/0/Config/] (level 4)
00:00:03.241853   APIC           <integer> = 0x0000000000000001 (1)
00:00:03.241853   BootDevice0    <string>  = "IDE" (cb=4)
00:00:03.241854   BootDevice1    <string>  = "FLOPPY" (cb=7)
00:00:03.241854   BootDevice2    <string>  = "NONE" (cb=5)
00:00:03.241854   BootDevice3    <string>  = "NONE" (cb=5)
00:00:03.241854   FloppyDevice   <string>  = "i82078" (cb=7)
00:00:03.241855   HardDiskDevice <string>  = "piix3ide" (cb=9)
00:00:03.241855   IOAPIC         <integer> = 0x0000000000000000 (0)
00:00:03.241855   McfgBase       <integer> = 0x0000000000000000 (0)
00:00:03.241856   McfgLength     <integer> = 0x0000000000000000 (0)
00:00:03.241856   NumCPUs        <integer> = 0x0000000000000001 (1)
00:00:03.241856   PXEDebug       <integer> = 0x0000000000000000 (0)
00:00:03.241856   UUID           <bytes>   = "9d 1f 21 b3 11 47 62 41 a8 b5 d2 e2 98 cc 06 a0" (cb=16)
00:00:03.241858   UuidLe         <integer> = 0x0000000000000001 (1)
00:00:03.241858 
00:00:03.241858 [/Devices/pcbios/0/Config/NetBoot/] (level 5)
00:00:03.241859 
00:00:03.241859 [/Devices/pcbios/0/Config/NetBoot/0/] (level 6)
00:00:03.241859   NIC           <integer> = 0x0000000000000000 (0)
00:00:03.241860   PCIBusNo      <integer> = 0x0000000000000000 (0)
00:00:03.241860   PCIDeviceNo   <integer> = 0x0000000000000003 (3)
00:00:03.241860   PCIFunctionNo <integer> = 0x0000000000000000 (0)
00:00:03.241860 
00:00:03.241861 [/Devices/pci/] (level 2)
00:00:03.241861 
00:00:03.241861 [/Devices/pci/0/] (level 3)
00:00:03.241862   Trusted <integer> = 0x0000000000000001 (1)
00:00:03.241862 
00:00:03.241862 [/Devices/pci/0/Config/] (level 4)
00:00:03.241862   IOAPIC <integer> = 0x0000000000000000 (0)
00:00:03.241863 
00:00:03.241863 [/Devices/pcibridge/] (level 2)
00:00:03.241863 
00:00:03.241863 [/Devices/pckbd/] (level 2)
00:00:03.241864 
00:00:03.241864 [/Devices/pckbd/0/] (level 3)
00:00:03.241864   Trusted <integer> = 0x0000000000000001 (1)
00:00:03.241864 
00:00:03.241864 [/Devices/pckbd/0/Config/] (level 4)
00:00:03.241865 
00:00:03.241865 [/Devices/pckbd/0/LUN#0/] (level 4)
00:00:03.241865   Driver <string>  = "KeyboardQueue" (cb=14)
00:00:03.241866 
00:00:03.241866 [/Devices/pckbd/0/LUN#0/AttachedDriver/] (level 5)
00:00:03.241866   Driver <string>  = "MainKeyboard" (cb=13)
00:00:03.241867 
00:00:03.241867 [/Devices/pckbd/0/LUN#0/Config/] (level 5)
00:00:03.241867   QueueSize <integer> = 0x0000000000000040 (64, 64 B)
00:00:03.241868 
00:00:03.241868 [/Devices/pckbd/0/LUN#1/] (level 4)
00:00:03.241868   Driver <string>  = "MouseQueue" (cb=11)
00:00:03.241869 
00:00:03.241869 [/Devices/pckbd/0/LUN#1/AttachedDriver/] (level 5)
00:00:03.241869   Driver <string>  = "MainMouse" (cb=10)
00:00:03.241869 
00:00:03.241869 [/Devices/pckbd/0/LUN#1/Config/] (level 5)
00:00:03.241870   QueueSize <integer> = 0x0000000000000080 (128, 128 B)
00:00:03.241870 
00:00:03.241870 [/Devices/pcnet/] (level 2)
00:00:03.241871 
00:00:03.241871 [/Devices/pcnet/0/] (level 3)
00:00:03.241871   PCIBusNo      <integer> = 0x0000000000000000 (0)
00:00:03.241872   PCIDeviceNo   <integer> = 0x0000000000000003 (3)
00:00:03.241872   PCIFunctionNo <integer> = 0x0000000000000000 (0)
00:00:03.241872   Trusted       <integer> = 0x0000000000000001 (1)
00:00:03.241872 
00:00:03.241873 [/Devices/pcnet/0/Config/] (level 4)
00:00:03.241873   CableConnected <integer> = 0x0000000000000001 (1)
00:00:03.241873   ChipType       <string>  = "Am79C973" (cb=9)
00:00:03.241874   LineSpeed      <integer> = 0x0000000000000000 (0)
00:00:03.241874   MAC            <bytes>   = "08 00 27 dc 3f ab" (cb=6)
00:00:03.241875 
00:00:03.241875 [/Devices/pcnet/0/LUN#0/] (level 4)
00:00:03.241875   Driver <string>  = "NAT" (cb=4)
00:00:03.241875 
00:00:03.241875 [/Devices/pcnet/0/LUN#0/Config/] (level 5)
00:00:03.241876   AliasMode          <integer> = 0x0000000000000000 (0)
00:00:03.241876   BootFile           <string>  = "MinixClon.pxe" (cb=14)
00:00:03.241877   DNSProxy           <integer> = 0x0000000000000000 (0)
00:00:03.241877   LocalhostReachable <integer> = 0x0000000000000001 (1)
00:00:03.241877   Network            <string>  = "10.0.2.0/24" (cb=12)
00:00:03.241877   PassDomain         <integer> = 0x0000000000000001 (1)
00:00:03.241878   TFTPPrefix         <string>  = "C:\Users\danie\.VirtualBox\TFTP" (cb=32)
00:00:03.241878   UseHostResolver    <integer> = 0x0000000000000000 (0)
00:00:03.241878 
00:00:03.241879 [/Devices/pcnet/0/LUN#999/] (level 4)
00:00:03.241879   Driver <string>  = "MainStatus" (cb=11)
00:00:03.241879 
00:00:03.241879 [/Devices/pcnet/0/LUN#999/Config/] (level 5)
00:00:03.241880   First                <integer> = 0x0000000000000000 (0)
00:00:03.241880   HasMediumAttachments <integer> = 0x0000000000000000 (0)
00:00:03.241880   Last                 <integer> = 0x0000000000000000 (0)
00:00:03.241881   iLedSet              <integer> = 0x0000000000000005 (5)
00:00:03.241881 
00:00:03.241881 [/Devices/piix3ide/] (level 2)
00:00:03.241882 
00:00:03.241882 [/Devices/piix3ide/0/] (level 3)
00:00:03.241882   PCIBusNo      <integer> = 0x0000000000000000 (0)
00:00:03.241882   PCIDeviceNo   <integer> = 0x0000000000000001 (1)
00:00:03.241883   PCIFunctionNo <integer> = 0x0000000000000001 (1)
00:00:03.241883   Trusted       <integer> = 0x0000000000000001 (1)
00:00:03.241883 
00:00:03.241883 [/Devices/piix3ide/0/Config/] (level 4)
00:00:03.241884   Type <string>  = "PIIX4" (cb=6)
00:00:03.241884 
00:00:03.241884 [/Devices/piix3ide/0/LUN#0/] (level 4)
00:00:03.241885   Driver <string>  = "VD" (cb=3)
00:00:03.241885 
00:00:03.241885 [/Devices/piix3ide/0/LUN#0/Config/] (level 5)
00:00:03.241886   Format    <string>  = "VDI" (cb=4)
00:00:03.241886   Mountable <integer> = 0x0000000000000000 (0)
00:00:03.241886   Path      <string>  = "C:\Users\danie\Desktop\practica-eso\PracticasMinix\MinixClon\MinixClon\MinixClon-disk1.vdi" (cb=91)
00:00:03.241887   Type      <string>  = "HardDisk" (cb=9)
00:00:03.241887 
00:00:03.241887 [/Devices/piix3ide/0/LUN#0/Config/VDConfig/] (level 6)
00:00:03.241888   AllocationBlockSize <string>  = "1048576" (cb=8)
00:00:03.241888 
00:00:03.241888 [/Devices/piix3ide/0/LUN#999/] (level 4)
00:00:03.241889   Driver <string>  = "MainStatus" (cb=11)
00:00:03.241889 
00:00:03.241889 [/Devices/piix3ide/0/LUN#999/Config/] (level 5)
00:00:03.241890   DeviceInstance       <string>  = "piix3ide/0" (cb=11)
00:00:03.241890   First                <integer> = 0x0000000000000000 (0)
00:00:03.241890   HasMediumAttachments <integer> = 0x0000000000000001 (1)
00:00:03.241891   Last                 <integer> = 0x0000000000000003 (3)
00:00:03.241891   iLedSet              <integer> = 0x0000000000000003 (3)
00:00:03.241891 
00:00:03.241891 [/Devices/serial/] (level 2)
00:00:03.241892 
00:00:03.241892 [/Devices/usb-ehci/] (level 2)
00:00:03.241892 
00:00:03.241892 [/Devices/usb-ehci/0/] (level 3)
00:00:03.241893   PCIBusNo      <integer> = 0x0000000000000000 (0)
00:00:03.241893   PCIDeviceNo   <integer> = 0x000000000000000b (11)
00:00:03.241893   PCIFunctionNo <integer> = 0x0000000000000000 (0)
00:00:03.241894   Trusted       <integer> = 0x0000000000000001 (1)
00:00:03.241894 
00:00:03.241894 [/Devices/usb-ehci/0/Config/] (level 4)
00:00:03.241895 
00:00:03.241895 [/Devices/usb-ehci/0/LUN#0/] (level 4)
00:00:03.241895   Driver <string>  = "VUSBRootHub" (cb=12)
00:00:03.241895 
00:00:03.241895 [/Devices/usb-ehci/0/LUN#0/Config/] (level 5)
00:00:03.241896 
00:00:03.241896 [/Devices/usb-ehci/0/LUN#999/] (level 4)
00:00:03.241896   Driver <string>  = "MainStatus" (cb=11)
00:00:03.241897 
00:00:03.241897 [/Devices/usb-ehci/0/LUN#999/Config/] (level 5)
00:00:03.241897   First                <integer> = 0x0000000000000000 (0)
00:00:03.241898   HasMediumAttachments <integer> = 0x0000000000000000 (0)
00:00:03.241898   Last                 <integer> = 0x0000000000000000 (0)
00:00:03.241898   iLedSet              <integer> = 0x0000000000000002 (2)
00:00:03.241898 
00:00:03.241899 [/Devices/usb-ohci/] (level 2)
00:00:03.241899 
00:00:03.241899 [/Devices/usb-ohci/0/] (level 3)
00:00:03.241900   PCIBusNo      <integer> = 0x0000000000000000 (0)
00:00:03.241900   PCIDeviceNo   <integer> = 0x0000000000000006 (6)
00:00:03.241900   PCIFunctionNo <integer> = 0x0000000000000000 (0)
00:00:03.241900   Trusted       <integer> = 0x0000000000000001 (1)
00:00:03.241901 
00:00:03.241901 [/Devices/usb-ohci/0/Config/] (level 4)
00:00:03.241901 
00:00:03.241901 [/Devices/usb-ohci/0/LUN#0/] (level 4)
00:00:03.241902   Driver <string>  = "VUSBRootHub" (cb=12)
00:00:03.241902 
00:00:03.241902 [/Devices/usb-ohci/0/LUN#0/Config/] (level 5)
00:00:03.241902 
00:00:03.241902 [/Devices/usb-ohci/0/LUN#999/] (level 4)
00:00:03.241903   Driver <string>  = "MainStatus" (cb=11)
00:00:03.241903 
00:00:03.241903 [/Devices/usb-ohci/0/LUN#999/Config/] (level 5)
00:00:03.241904   First                <integer> = 0x0000000000000000 (0)
00:00:03.241904   HasMediumAttachments <integer> = 0x0000000000000000 (0)
00:00:03.241904   Last                 <integer> = 0x0000000000000000 (0)
00:00:03.241905   iLedSet              <integer> = 0x0000000000000001 (1)
00:00:03.241905 
00:00:03.241905 [/Devices/vga/] (level 2)
00:00:03.241905 
00:00:03.241906 [/Devices/vga/0/] (level 3)
00:00:03.241906   PCIBusNo      <integer> = 0x0000000000000000 (0)
00:00:03.241906   PCIDeviceNo   <integer> = 0x0000000000000002 (2)
00:00:03.241907   PCIFunctionNo <integer> = 0x0000000000000000 (0)
00:00:03.241907   Trusted       <integer> = 0x0000000000000001 (1)
00:00:03.241907 
00:00:03.241907 [/Devices/vga/0/Config/] (level 4)
00:00:03.241908   3DEnabled        <integer> = 0x0000000000000000 (0)
00:00:03.241909   CustomVideoModes <integer> = 0x0000000000000000 (0)
00:00:03.241909   FadeIn           <integer> = 0x0000000000000001 (1)
00:00:03.241909   FadeOut          <integer> = 0x0000000000000001 (1)
00:00:03.241910   HeightReduction  <integer> = 0x0000000000000000 (0)
00:00:03.241910   LogoFile         <string>  = "" (cb=1)
00:00:03.241910   LogoTime         <integer> = 0x0000000000000000 (0)
00:00:03.241910   MonitorCount     <integer> = 0x0000000000000001 (1)
00:00:03.241911   ShowBootMenu     <integer> = 0x0000000000000002 (2)
00:00:03.241911   VRamSize         <integer> = 0x0000000000900000 (9 437 184, 9.0 MiB)
00:00:03.241911 
00:00:03.241912 [/Devices/vga/0/LUN#0/] (level 4)
00:00:03.241912   Driver <string>  = "MainDisplay" (cb=12)
00:00:03.241912 
00:00:03.241912 [/Devices/vga/0/LUN#0/Config/] (level 5)
00:00:03.241913 
00:00:03.241913 [/Devices/vga/0/LUN#999/] (level 4)
00:00:03.241914   Driver <string>  = "MainStatus" (cb=11)
00:00:03.241914 
00:00:03.241914 [/Devices/vga/0/LUN#999/Config/] (level 5)
00:00:03.241915   First                <integer> = 0x0000000000000000 (0)
00:00:03.241915   HasMediumAttachments <integer> = 0x0000000000000000 (0)
00:00:03.241915   Last                 <integer> = 0x0000000000000000 (0)
00:00:03.241916   iLedSet              <integer> = 0x0000000000000000 (0)
00:00:03.241916 
00:00:03.241916 [/Devices/virtio-net/] (level 2)
00:00:03.241917 
00:00:03.241917 [/EM/] (level 1)
00:00:03.241917   TripleFaultReset <integer> = 0x0000000000000000 (0)
00:00:03.241917 
00:00:03.241917 [/GCM/] (level 1)
00:00:03.241918   FixerSet <integer> = 0x0000000000000000 (0)
00:00:03.241918 
00:00:03.241918 [/GIM/] (level 1)
00:00:03.241918   Provider <string>  = "None" (cb=5)
00:00:03.241919 
00:00:03.241919 [/HM/] (level 1)
00:00:03.241920   64bitEnabled        <integer> = 0x0000000000000000 (0)
00:00:03.241920   EnableLargePages    <integer> = 0x0000000000000001 (1)
00:00:03.241920   EnableNestedPaging  <integer> = 0x0000000000000001 (1)
00:00:03.241921   EnableUX            <integer> = 0x0000000000000001 (1)
00:00:03.241921   EnableVPID          <integer> = 0x0000000000000001 (1)
00:00:03.241921   Exclusive           <integer> = 0x0000000000000000 (0)
00:00:03.241921   HMForced            <integer> = 0x0000000000000001 (1)
00:00:03.241922   IBPBOnVMEntry       <integer> = 0x0000000000000000 (0)
00:00:03.241922   IBPBOnVMExit        <integer> = 0x0000000000000000 (0)
00:00:03.241922   L1DFlushOnSched     <integer> = 0x0000000000000001 (1)
00:00:03.241923   L1DFlushOnVMEntry   <integer> = 0x0000000000000000 (0)
00:00:03.241923   MDSClearOnSched     <integer> = 0x0000000000000001 (1)
00:00:03.241923   MDSClearOnVMEntry   <integer> = 0x0000000000000000 (0)
00:00:03.241923   SpecCtrlByHost      <integer> = 0x0000000000000000 (0)
00:00:03.241924   SvmVirtVmsaveVmload <integer> = 0x0000000000000001 (1)
00:00:03.241924   UseNEMInstead       <integer> = 0x0000000000000000 (0)
00:00:03.241924 
00:00:03.241924 [/MM/] (level 1)
00:00:03.241925   CanUseLargerHeap <integer> = 0x0000000000000000 (0)
00:00:03.241925 
00:00:03.241925 [/NEM/] (level 1)
00:00:03.241926   Allow64BitGuests <integer> = 0x0000000000000000 (0)
00:00:03.241926 
00:00:03.241926 [/PDM/] (level 1)
00:00:03.241926 
00:00:03.241926 [/PDM/AsyncCompletion/] (level 2)
00:00:03.241927 
00:00:03.241927 [/PDM/AsyncCompletion/File/] (level 3)
00:00:03.241927 
00:00:03.241927 [/PDM/AsyncCompletion/File/BwGroups/] (level 4)
00:00:03.241928 
00:00:03.241928 [/PDM/BlkCache/] (level 2)
00:00:03.241928   CacheSize <integer> = 0x0000000000500000 (5 242 880, 5.0 MiB)
00:00:03.241929 
00:00:03.241929 [/PDM/Devices/] (level 2)
00:00:03.241929 
00:00:03.241929 [/PDM/Drivers/] (level 2)
00:00:03.241930 
00:00:03.241930 [/PDM/Drivers/VBoxC/] (level 3)
00:00:03.241930   Path <string>  = "VBoxC" (cb=6)
00:00:03.241931 
00:00:03.241931 [/PDM/NetworkShaper/] (level 2)
00:00:03.241931 
00:00:03.241931 [/PDM/NetworkShaper/BwGroups/] (level 3)
00:00:03.241932 
00:00:03.241932 [/TM/] (level 1)
00:00:03.241932   UTCOffset <integer> = 0x0000000000000000 (0)
00:00:03.241932 
00:00:03.241932 [/USB/] (level 1)
00:00:03.241932 
00:00:03.241933 [/USB/USBProxy/] (level 2)
00:00:03.241933 
00:00:03.241933 [/USB/USBProxy/GlobalConfig/] (level 3)
00:00:03.241933 
00:00:03.241934 ********************* End of CFGM dump **********************
00:00:03.242054 HM: HMR3Init: AMD-V w/ nested paging
00:00:03.242165 CPUM: fXStateHostMask=0x7; initial: 0x7; host XCR0=0x7
00:00:03.242765 CPUM: Matched host CPU AMD 0x19/0x21/0x2 AMD_Unknown with CPU DB entry 'AMD Ryzen 7 1800X Eight-Core' (AMD 0x17/0x1/0x1 AMD_Zen_Ryzen)
00:00:03.246116 CPUM: MXCSR_MASK=0x2ffff (host: 0x2ffff)
00:00:03.246166 CPUM: Microcode revision 0x0A201205
00:00:03.246193 CPUM: Changing leaf 13[0]: EBX=0x340 -> 0x340, ECX=0x988 -> 0x340
00:00:03.246208 CPUM: MSR fudge: 0x00000001 IA32_P5_MC_TYPE
00:00:03.246213 CPUM: MSR fudge: 0x00000017 IA32_PLATFORM_ID
00:00:03.246250 CPUM: MSR fudge: 0x0000001b IA32_APIC_BASE
00:00:03.246253 CPUM: MSR fudge: 0x0000008b BIOS_SIGN
00:00:03.246256 CPUM: MSR fudge: 0x000000fe IA32_MTRRCAP
00:00:03.246258 CPUM: MSR fudge: 0x00000179 IA32_MCG_CAP
00:00:03.246260 CPUM: MSR fudge: 0x0000017a IA32_MCG_STATUS
00:00:03.246263 CPUM: MSR fudge: 0x000001a0 IA32_MISC_ENABLE
00:00:03.246276 CPUM: MSR fudge: 0x000001d9 IA32_DEBUGCTL
00:00:03.246279 CPUM: MSR fudge: 0x000001db P6_LAST_BRANCH_FROM_IP
00:00:03.246282 CPUM: MSR fudge: 0x000001dc P6_LAST_BRANCH_TO_IP
00:00:03.246285 CPUM: MSR fudge: 0x000001dd P6_LAST_INT_FROM_IP
00:00:03.246289 CPUM: MSR fudge: 0x000001de P6_LAST_INT_TO_IP
00:00:03.246292 CPUM: MSR fudge: 0x00000277 IA32_PAT
00:00:03.246295 CPUM: MSR fudge: 0x000002ff IA32_MTRR_DEF_TYPE
00:00:03.246308 CPUM: MSR fudge: 0x00000400 IA32_MCi_CTL_STATUS_ADDR_MISC
00:00:03.246320 CPUM: MSR fudge: 0x0000002c P4_EBC_FREQUENCY_ID
00:00:03.246333 CPUM: MSR fudge: 0xc0000103 AMD64_TSC_AUX
00:00:03.246376 CPUM: Set SSBD not required flag for AMD to work around some buggy Linux kernels!
00:00:03.246639 PGM: Host paging mode: AMD64+PGE+NX
00:00:03.246660 PGM: PGMPool: cMaxPages=512 (u64MaxPages=288)
00:00:03.246663 PGM: pgmR3PoolInit: cMaxPages=0x200 cMaxUsers=0x400 cMaxPhysExts=0x400 fCacheEnable=true
00:00:03.250708 TM: GIP - u32Mode=3 (Invariant) u32UpdateHz=93 u32UpdateIntervalNS=10728300 enmUseTscDelta=2 (Practically Zero) fGetGipCpu=0x3b cCpus=24
00:00:03.250718 TM: GIP - u64CpuHz=3 699 999 305 (0xdc898249)  SUPGetCpuHzFromGip => 3 699 999 305
00:00:03.250723 TM: GIP - CPU: iCpuSet=0x0 idCpu=0x0 idApic=0x0 iGipCpu=0x4 i64TSCDelta=0 enmState=3 u64CpuHz=3699998680(*) cErrors=0
00:00:03.250727 TM: GIP - CPU: iCpuSet=0x1 idCpu=0x1 idApic=0x1 iGipCpu=0x5 i64TSCDelta=0 enmState=3 u64CpuHz=3699998917(*) cErrors=0
00:00:03.250731 TM: GIP - CPU: iCpuSet=0x2 idCpu=0x2 idApic=0x2 iGipCpu=0x10 i64TSCDelta=0 enmState=3 u64CpuHz=3700004458(*) cErrors=0
00:00:03.250734 TM: GIP - CPU: iCpuSet=0x3 idCpu=0x3 idApic=0x3 iGipCpu=0xe i64TSCDelta=0 enmState=3 u64CpuHz=3699999305(*) cErrors=0
00:00:03.250737 TM: GIP - CPU: iCpuSet=0x4 idCpu=0x4 idApic=0x4 iGipCpu=0x3 i64TSCDelta=0 enmState=3 u64CpuHz=3699998800(*) cErrors=0
00:00:03.250741 TM: GIP - CPU: iCpuSet=0x5 idCpu=0x5 idApic=0x5 iGipCpu=0xd i64TSCDelta=0 enmState=3 u64CpuHz=3699999256(*) cErrors=0
00:00:03.250744 TM: GIP - CPU: iCpuSet=0x6 idCpu=0x6 idApic=0x6 iGipCpu=0x11 i64TSCDelta=0 enmState=3 u64CpuHz=3700004458(*) cErrors=0
00:00:03.250747 TM: GIP - CPU: iCpuSet=0x7 idCpu=0x7 idApic=0x7 iGipCpu=0x17 i64TSCDelta=0 enmState=3 u64CpuHz=3700004458(*) cErrors=0
00:00:03.250750 TM: GIP - CPU: iCpuSet=0x8 idCpu=0x8 idApic=0x8 iGipCpu=0xf i64TSCDelta=0 enmState=3 u64CpuHz=3700004458(*) cErrors=0
00:00:03.250753 TM: GIP - CPU: iCpuSet=0x9 idCpu=0x9 idApic=0x9 iGipCpu=0x2 i64TSCDelta=0 enmState=3 u64CpuHz=3699996910(*) cErrors=0
00:00:03.250756 TM: GIP - CPU: iCpuSet=0xa idCpu=0xa idApic=0xa iGipCpu=0xb i64TSCDelta=0 enmState=3 u64CpuHz=3699999272(*) cErrors=0
00:00:03.250759 TM: GIP - CPU: iCpuSet=0xb idCpu=0xb idApic=0xb iGipCpu=0xc i64TSCDelta=0 enmState=3 u64CpuHz=3699999246(*) cErrors=0
00:00:03.250762 TM: GIP - CPU: iCpuSet=0xc idCpu=0xc idApic=0x10 iGipCpu=0x13 i64TSCDelta=0 enmState=3 u64CpuHz=3700004458(*) cErrors=0
00:00:03.250765 TM: GIP - CPU: iCpuSet=0xd idCpu=0xd idApic=0x11 iGipCpu=0x9 i64TSCDelta=0 enmState=3 u64CpuHz=3699999203(*) cErrors=0
00:00:03.250767 TM: GIP - CPU: iCpuSet=0xe idCpu=0xe idApic=0x12 iGipCpu=0x8 i64TSCDelta=0 enmState=3 u64CpuHz=3699999236(*) cErrors=0
00:00:03.250770 TM: GIP - CPU: iCpuSet=0xf idCpu=0xf idApic=0x13 iGipCpu=0x16 i64TSCDelta=0 enmState=3 u64CpuHz=3700004458(*) cErrors=0
00:00:03.250773 TM: GIP - CPU: iCpuSet=0x10 idCpu=0x10 idApic=0x14 iGipCpu=0x1 i64TSCDelta=0 enmState=3 u64CpuHz=3700004458(*) cErrors=0
00:00:03.250776 TM: GIP - CPU: iCpuSet=0x11 idCpu=0x11 idApic=0x15 iGipCpu=0x6 i64TSCDelta=0 enmState=3 u64CpuHz=3699999068(*) cErrors=0
00:00:03.250782 TM: GIP - CPU: iCpuSet=0x12 idCpu=0x12 idApic=0x16 iGipCpu=0x15 i64TSCDelta=0 enmState=3 u64CpuHz=3700004458(*) cErrors=0
00:00:03.250786 TM: GIP - CPU: iCpuSet=0x13 idCpu=0x13 idApic=0x17 iGipCpu=0xa i64TSCDelta=0 enmState=3 u64CpuHz=3699999264(*) cErrors=0
00:00:03.250789 TM: GIP - CPU: iCpuSet=0x14 idCpu=0x14 idApic=0x18 iGipCpu=0x12 i64TSCDelta=0 enmState=3 u64CpuHz=3700004458(*) cErrors=0
00:00:03.250792 TM: GIP - CPU: iCpuSet=0x15 idCpu=0x15 idApic=0x19 iGipCpu=0x0 i64TSCDelta=0 enmState=3 u64CpuHz=3699999305(*) cErrors=0
00:00:03.250795 TM: GIP - CPU: iCpuSet=0x16 idCpu=0x16 idApic=0x1a iGipCpu=0x14 i64TSCDelta=0 enmState=3 u64CpuHz=3700004458(*) cErrors=0
00:00:03.250798 TM: GIP - CPU: iCpuSet=0x17 idCpu=0x17 idApic=0x1b iGipCpu=0x7 i64TSCDelta=0 enmState=3 u64CpuHz=3699999089(*) cErrors=0
00:00:03.250845 TM:     cTSCTicksPerSecond=3 699 999 305 (0xdc898249) enmTSCMode=3 (Dynamic)
00:00:03.250845 TM: cTSCTicksPerSecondHost=3 699 999 305 (0xdc898249)
00:00:03.250846 TM: TSCTiedToExecution=false TSCNotTiedToHalt=false
00:00:03.251429 EMR3Init: fIemExecutesAll=false fGuruOnTripleFault=true
00:00:03.251806 IEM: TargetCpu=CURRENT, Microarch=AMD_Unknown aidxTargetCpuEflFlavour={2,0}
00:00:03.251933 GIM: Using provider 'None' (Implementation version: 0)
00:00:03.251943 GCM: Initialized (fixer bits: 0x0)
00:00:03.252033 AIOMgr: Default manager type is 'Async'
00:00:03.252037 AIOMgr: Default file backend is 'NonBuffered'
00:00:03.252120 BlkCache: Cache successfully initialized. Cache size is 5242880 bytes
00:00:03.252124 BlkCache: Cache commit interval is 10000 ms
00:00:03.252127 BlkCache: Cache commit threshold is 2621440 bytes
00:00:03.691170 PcBios: [SMP] BIOS with 1 CPUs
00:00:03.691235 PcBios: Using the 386+ BIOS image.
00:00:03.692272 PcBios: fCheckShutdownStatusForSoftReset=true  fClearShutdownStatusOnHardReset=true
00:00:03.725033 SUP: seg #0: R   0x00000000 LB 0x00001000
00:00:03.725042 SUP: seg #1: R X 0x00001000 LB 0x0002b000
00:00:03.725046 SUP: seg #2: R   0x0002c000 LB 0x00011000
00:00:03.725049 SUP: seg #3: RW  0x0003d000 LB 0x00001000
00:00:03.725051 SUP: seg #4: R   0x0003e000 LB 0x00003000
00:00:03.725054 SUP: seg #5: RW  0x00041000 LB 0x00001000
00:00:03.725057 SUP: seg #6: R   0x00042000 LB 0x00001000
00:00:03.725059 SUP: seg #7: R X 0x00043000 LB 0x00001000
00:00:03.725062 SUP: seg #8: R   0x00044000 LB 0x00002000
00:00:03.725133 SUP: Loaded VBoxDDR0.r0 (C:\Program Files\Oracle\VirtualBox/VBoxDDR0.r0) at 0xXXXXXXXXXXXXXXXX - ModuleInit at XXXXXXXXXXXXXXXX and ModuleTerm at XXXXXXXXXXXXXXXX using the native ring-0 loader
00:00:03.725138 SUP: windbg> .reload /f C:\Program Files\Oracle\VirtualBox/VBoxDDR0.r0=0xXXXXXXXXXXXXXXXX
00:00:03.725518 CPUM: SetGuestCpuIdFeature: Enabled xAPIC
00:00:03.725919 PIT: mode=3 count=0x10000 (65536) - 18.20 Hz (ch=0)
00:00:03.726104 VMMDev: cbDefaultBudget: 1 073 741 824 (40000000)
00:00:03.739077 Shared Folders service loaded
00:00:03.752225 Guest Control service loaded
00:00:03.768538 VGA: Using the 386+ BIOS image.
00:00:03.770829 DrvVD: Flushes will be ignored
00:00:03.770835 DrvVD: Async flushes will be passed to the disk
00:00:03.770957 VD: VDInit finished with VINF_SUCCESS
00:00:03.771026 VD: Opening the disk took 182176 ns
00:00:03.771110 FDC: 1.44 MB 3"1/2 floppy disk (2 h 80 t 18 s) rw
00:00:03.771757 DrvVD: Flushes will be ignored
00:00:03.771763 DrvVD: Async flushes will be passed to the disk
00:00:03.771843 VD: Opening the disk took 71647 ns
00:00:03.771875 PIIX3 ATA: LUN#0: disk, PCHS=81/16/63, total number of sectors 81920
00:00:03.771910 PIIX3 ATA: LUN#1: no unit
00:00:03.771935 PIIX3 ATA: LUN#2: no unit
00:00:03.771939 PIIX3 ATA: LUN#3: no unit
00:00:03.771959 PIIX3 ATA: Ctl#0: finished processing RESET
00:00:03.771982 PIIX3 ATA: Ctl#1: finished processing RESET
00:00:03.786534 NAT: Guest address guess set to 10.0.2.15 by initialization
00:00:03.802115 NAT: DNS#0: 212.230.135.1
00:00:03.802126 NAT: DNS#1: 212.230.135.2
00:00:03.802129 NAT: DNS#2: 192.168.1.1
00:00:03.802529 AC97: Using codec 'STAC9700'
00:00:03.832324 Audio: Found 6 devices for driver 'WasAPI'
00:00:03.832340 Audio: Device 'Altavoces (Realtek(R) Audio)':
00:00:03.832341 Audio:   ID              = {0.0.0.00000000}.{1b27164f-5a39-45f1-bd23-2be66abda7ba}
00:00:03.832341 Audio:   Usage           = output
00:00:03.832341 Audio:   Flags           = DEFAULT_OUT
00:00:03.832342 Audio:   Input channels  = 0
00:00:03.832342 Audio:   Output channels = 2
00:00:03.832346 Audio: Device 'Altavoces (Realtek(R) Audio)':
00:00:03.832346 Audio:   ID              = {0.0.0.00000000}.{1b27164f-5a39-45f1-bd23-2be66abda7ba}
00:00:03.832346 Audio:   Usage           = output
00:00:03.832347 Audio:   Flags           = NONE
00:00:03.832347 Audio:   Input channels  = 0
00:00:03.832347 Audio:   Output channels = 2
00:00:03.832350 Audio: Device 'PHL 246E9Q (NVIDIA High Definition Audio)':
00:00:03.832350 Audio:   ID              = {0.0.0.00000000}.{6315b4d0-5f3a-492f-9b8f-6acbafc86059}
00:00:03.832350 Audio:   Usage           = output
00:00:03.832350 Audio:   Flags           = NONE
00:00:03.832350 Audio:   Input channels  = 0
00:00:03.832350 Audio:   Output channels = 2
00:00:03.832353 Audio: Device 'Realtek Digital Output (Realtek(R) Audio)':
00:00:03.832354 Audio:   ID              = {0.0.0.00000000}.{dfa01164-9917-48a3-a6a2-73633af4710b}
00:00:03.832354 Audio:   Usage           = output
00:00:03.832354 Audio:   Flags           = NONE
00:00:03.832354 Audio:   Input channels  = 0
00:00:03.832354 Audio:   Output channels = 2
00:00:03.832357 Audio: Device 'Micrófono (DroidCam Virtual Audio)':
00:00:03.832357 Audio:   ID              = {0.0.1.00000000}.{070340c0-54c7-4bfa-aeb1-7b4d7f679c25}
00:00:03.832358 Audio:   Usage           = input
00:00:03.832358 Audio:   Flags           = DEFAULT_IN
00:00:03.832358 Audio:   Input channels  = 1
00:00:03.832358 Audio:   Output channels = 0
00:00:03.832361 Audio: Device 'Micrófono (DroidCam Virtual Audio)':
00:00:03.832361 Audio:   ID              = {0.0.1.00000000}.{070340c0-54c7-4bfa-aeb1-7b4d7f679c25}
00:00:03.832361 Audio:   Usage           = input
00:00:03.832361 Audio:   Flags           = NONE
00:00:03.832361 Audio:   Input channels  = 1
00:00:03.832361 Audio:   Output channels = 0
00:00:03.832535 AC97: Reset
00:00:03.832551 AC97: Mixer reset (EAID=0x809, EACS=0x9)
00:00:03.832554 AC97: Record select to left=mic, right=mic
00:00:03.833350 PGM: The CPU physical address width is 48 bits
00:00:03.833370 PGM: PGMR3InitFinalize: 4 MB PSE mask 0000ffffffffffff -> VINF_SUCCESS
00:00:03.833387 TM: TMR3InitFinalize: fTSCModeSwitchAllowed=false
00:00:03.833657 VMM: Thread-context hooks unavailable
00:00:03.833664 VMM: RTThreadPreemptIsPending() can be trusted
00:00:03.833667 VMM: Kernel preemption is possible
00:00:03.834867 HM: fWorldSwitcher=0x0 (fIbpbOnVmExit=false fIbpbOnVmEntry=false fL1dFlushOnVmEntry=false); fL1dFlushOnSched=false fMdsClearOnVmEntry=false
00:00:03.834898 HM: Using AMD-V implementation 2.0
00:00:03.834906 HM: Max resume loops                  = 8192
00:00:03.834907 HM: AMD HWCR MSR                      = 0x189000011
00:00:03.834907 HM: AMD-V revision                    = 0x1
00:00:03.834908 HM: AMD-V max ASID                    = 32768
00:00:03.834908 HM: AMD-V features                    = 0x101bbcff
00:00:03.834908 HM:   NESTED_PAGING
00:00:03.834908 HM:   LBR_VIRT
00:00:03.834909 HM:   SVM_LOCK
00:00:03.834909 HM:   NRIP_SAVE
00:00:03.834909 HM:   TSC_RATE_MSR
00:00:03.834909 HM:   VMCB_CLEAN
00:00:03.834909 HM:   FLUSH_BY_ASID
00:00:03.834909 HM:   DECODE_ASSISTS
00:00:03.834909 HM:   PAUSE_FILTER
00:00:03.834910 HM:   PAUSE_FILTER_THRESHOLD
00:00:03.834910 HM:   AVIC
00:00:03.834910 HM:   VIRT_VMSAVE_VMLOAD
00:00:03.834910 HM:   VGIF
00:00:03.834910 HM:   GMET
00:00:03.834910 HM:   SSSCHECK
00:00:03.834910 HM:   SPEC_CTRL
00:00:03.834910 HM:   Reserved bit 11
00:00:03.834911 HM:   Reserved bit 28
00:00:03.834921 HM: Enabled SVM
00:00:03.834921 HM:   Enabled nested paging
00:00:03.834921 HM:   Enabled large page support
00:00:03.834933 HM: Disabled TPR patching
00:00:03.834933 HM: Guest support: 32-bit only
00:00:03.834933 HM: VT-x/AMD-V init method: Local
00:00:03.834934 EM: Exit history optimizations: enabled=true enabled-r0=true enabled-r0-no-preemption=false
00:00:03.834974 PcBios: ATA LUN#0 LCHS=81/16/63
00:00:03.834991 APIC: fPostedIntrsEnabled=false fVirtApicRegsEnabled=false fSupportsTscDeadline=false
00:00:03.834996 TMR3UtcNow: nsNow=1 716 402 764 398 286 700 nsPrev=0 -> cNsDelta=1 716 402 764 398 286 700 (offLag=0 offVirtualSync=0 offVirtualSyncGivenUp=0, NowAgain=1 716 402 764 398 286 700)
00:00:03.835016 VMM: fUsePeriodicPreemptionTimers=true
00:00:03.835031 CPUM: Logical host processors: 24 present, 24 max, 24 online, online mask: 0000000000ffffff
00:00:03.835032 CPUM: Physical host cores: 12
00:00:03.835032 ************************* CPUID dump ************************
00:00:03.835051          Raw Standard CPUID Leaves
00:00:03.835051      Leaf/sub-leaf  eax      ebx      ecx      edx
00:00:03.835051 Gst: 00000000/0000  00000010 68747541 444d4163 69746e65
00:00:03.835052 Hst:                00000010 68747541 444d4163 69746e65
00:00:03.835052 Gst: 00000001/0000  00a20f12 00010800 56d8220b 178bfbbf
00:00:03.835053 Hst:                00a20f12 0a180800 7ef8320b 178bfbff
00:00:03.835053 Gst: 00000002/0000  00000000 00000000 00000000 00000000
00:00:03.835054 Hst:                00000000 00000000 00000000 00000000
00:00:03.835054 Gst: 00000003/0000  00000000 00000000 00000000 00000000
00:00:03.835054 Hst:                00000000 00000000 00000000 00000000
00:00:03.835054 Gst: 00000004/0000  00000000 00000000 00000000 00000000
00:00:03.835055 Hst:                00000000 00000000 00000000 00000000
00:00:03.835055 Gst: 00000005/0000  00000040 00000040 00000000 00000000
00:00:03.835055 Hst:                00000040 00000040 00000003 00000011
00:00:03.835056 Gst: 00000006/0000  00000004 00000000 00000000 00000000
00:00:03.835056 Hst:                00000004 00000000 00000001 00000000
00:00:03.835056 Gst: 00000007/0000  00000000 00840529 00000000 00000000
00:00:03.835057 Hst:                00000000 219c97a9 0040068c 00000010
00:00:03.835057 Gst: 00000007/0001  00000000 00000000 00000000 00000000
00:00:03.835057 Hst:                00000000 00000000 00000000 00000000
00:00:03.835058 Gst: 00000008/0000  00000000 00000000 00000000 00000000
00:00:03.835058 Hst:                00000000 00000000 00000000 00000000
00:00:03.835058 Gst: 00000009/0000  00000000 00000000 00000000 00000000
00:00:03.835059 Hst:                00000000 00000000 00000000 00000000
00:00:03.835059 Gst: 0000000a/0000  00000000 00000000 00000000 00000000
00:00:03.835059 Hst:                00000000 00000000 00000000 00000000
00:00:03.835060 Gst: 0000000b/0000  00000000 00000001 00000100 00000000
00:00:03.835060 Hst:                00000001 00000002 00000100 0000000a
00:00:03.835060 Gst: 0000000b/0001  00000001 00000001 00000201 00000000
00:00:03.835061 Hst:                00000005 00000018 00000201 0000000a
00:00:03.835061 Gst: 0000000b/0002  00000000 00000000 00000002 00000000
00:00:03.835061 Hst:                00000000 00000000 00000002 0000000a
00:00:03.835062 Gst: 0000000c/0000  00000000 00000000 00000000 00000000
00:00:03.835062 Hst:                00000000 00000000 00000000 00000000
00:00:03.835062 Gst: 0000000d/0000  00000007 00000340 00000340 00000000
00:00:03.835063 Hst:                00000207 00000340 00000988 00000000
00:00:03.835063 Gst: 0000000d/0001  00000000 00000350 00000000 00000000
00:00:03.835063 Hst:                0000000f 00000350 00001800 00000000
00:00:03.835064 Gst: 0000000d/0002  00000100 00000240 00000000 00000000
00:00:03.835064 Hst:                00000100 00000240 00000000 00000000
00:00:03.835064 Gst: 0000000d/0003  00000000 00000000 00000000 00000000
00:00:03.835065 Hst:                00000000 00000000 00000000 00000000
00:00:03.835065 Gst: 0000000d/0004  00000000 00000000 00000000 00000000
00:00:03.835065 Hst:                00000000 00000000 00000000 00000000
00:00:03.835065 Gst: 0000000d/0005  00000000 00000000 00000000 00000000
00:00:03.835066 Hst:                00000000 00000000 00000000 00000000
00:00:03.835066 Gst: 0000000d/0006  00000000 00000000 00000000 00000000
00:00:03.835066 Hst:                00000000 00000000 00000000 00000000
00:00:03.835067 Gst: 0000000d/0007  00000000 00000000 00000000 00000000
00:00:03.835067 Hst:                00000000 00000000 00000000 00000000
00:00:03.835067 Gst: 0000000d/0008  00000000 00000000 00000000 00000000
00:00:03.835067 Hst:                00000000 00000000 00000000 00000000
00:00:03.835068 Gst: 0000000d/0009  00000000 00000000 00000000 00000000
00:00:03.835068 Hst:                00000008 00000980 00000000 00000000
00:00:03.835068 Gst: 0000000d/000a  00000000 00000000 00000000 00000000
00:00:03.835068 Hst:                00000000 00000000 00000000 00000000
00:00:03.835069 Gst: 0000000d/000b  00000000 00000000 00000000 00000000
00:00:03.835069 Hst:                00000010 00000000 00000001 00000000
00:00:03.835069 Gst: 0000000d/000c  00000000 00000000 00000000 00000000
00:00:03.835070 Hst:                00000018 00000000 00000001 00000000
00:00:03.835070 Gst: 0000000d/000d  00000000 00000000 00000000 00000000
00:00:03.835070 Hst:                00000000 00000000 00000000 00000000
00:00:03.835075 Gst: 0000000e/0000  00000000 00000000 00000000 00000000
00:00:03.835075 Hst:                00000000 00000000 00000000 00000000
00:00:03.835075 Gst: 0000000f/0000  00000000 00000000 00000000 00000000
00:00:03.835076 Hst:                00000000 000000ff 00000000 00000002
00:00:03.835076 Hst: 00000010/0000  00000000 00000002 00000000 00000000
00:00:03.835076                                Name: AuthenticAMD
00:00:03.835077                            Supports: 0x00000000-0x00000010
00:00:03.835094                              Family: 15 	Extended: 10 	Effective: 25
00:00:03.835095                               Model:  1 	Extended: 2 	Effective: 33
00:00:03.835095                            Stepping: 2
00:00:03.835096                                Type: 0 (primary)
00:00:03.835096                             APIC ID: 0x00
00:00:03.835097                        Logical CPUs: 1
00:00:03.835097                        CLFLUSH Size: 8
00:00:03.835098                            Brand ID: 0x00
00:00:03.835098 Features
00:00:03.835106   Mnemonic - Description                                  = guest (host)
00:00:03.835107   FPU - x87 FPU on Chip                                   = 1 (1)
00:00:03.835107   VME - Virtual 8086 Mode Enhancements                    = 1 (1)
00:00:03.835108   DE - Debugging extensions                               = 1 (1)
00:00:03.835109   PSE - Page Size Extension                               = 1 (1)
00:00:03.835109   TSC - Time Stamp Counter                                = 1 (1)
00:00:03.835110   MSR - Model Specific Registers                          = 1 (1)
00:00:03.835110   PAE - Physical Address Extension                        = 0 (1)
00:00:03.835111   MCE - Machine Check Exception                           = 1 (1)
00:00:03.835111   CX8 - CMPXCHG8B instruction                             = 1 (1)
00:00:03.835112   APIC - APIC On-Chip                                     = 1 (1)
00:00:03.835112   SEP - SYSENTER and SYSEXIT Present                      = 1 (1)
00:00:03.835113   MTRR - Memory Type Range Registers                      = 1 (1)
00:00:03.835113   PGE - PTE Global Bit                                    = 1 (1)
00:00:03.835114   MCA - Machine Check Architecture                        = 1 (1)
00:00:03.835114   CMOV - Conditional Move instructions                    = 1 (1)
00:00:03.835115   PAT - Page Attribute Table                              = 1 (1)
00:00:03.835115   PSE-36 - 36-bit Page Size Extension                     = 1 (1)
00:00:03.835116   PSN - Processor Serial Number                           = 0 (0)
00:00:03.835116   CLFSH - CLFLUSH instruction                             = 1 (1)
00:00:03.835117   DS - Debug Store                                        = 0 (0)
00:00:03.835117   ACPI - Thermal Mon. & Soft. Clock Ctrl.                 = 0 (0)
00:00:03.835118   MMX - Intel MMX Technology                              = 1 (1)
00:00:03.835118   FXSR - FXSAVE and FXRSTOR instructions                  = 1 (1)
00:00:03.835119   SSE - SSE support                                       = 1 (1)
00:00:03.835119   SSE2 - SSE2 support                                     = 1 (1)
00:00:03.835120   SS - Self Snoop                                         = 0 (0)
00:00:03.835120   HTT - Hyper-Threading Technology                        = 1 (1)
00:00:03.835121   TM - Therm. Monitor                                     = 0 (0)
00:00:03.835121   PBE - Pending Break Enabled                             = 0 (0)
00:00:03.835129   SSE3 - SSE3 support                                     = 1 (1)
00:00:03.835130   PCLMUL - PCLMULQDQ support (for AES-GCM)                = 1 (1)
00:00:03.835130   DTES64 - DS Area 64-bit Layout                          = 0 (0)
00:00:03.835131   MONITOR - MONITOR/MWAIT instructions                    = 1 (1)
00:00:03.835131   CPL-DS - CPL Qualified Debug Store                      = 0 (0)
00:00:03.835132   VMX - Virtual Machine Extensions                        = 0 (0)
00:00:03.835132   SMX - Safer Mode Extensions                             = 0 (0)
00:00:03.835141   EST - Enhanced SpeedStep Technology                     = 0 (0)
00:00:03.835142   TM2 - Terminal Monitor 2                                = 0 (0)
00:00:03.835142   SSSE3 - Supplemental Streaming SIMD Extensions 3        = 1 (1)
00:00:03.835142   CNTX-ID - L1 Context ID                                 = 0 (0)
00:00:03.835143   SDBG - Silicon Debug interface                          = 0 (0)
00:00:03.835143   FMA - Fused Multiply Add extensions                     = 0 (1)
00:00:03.835144   CX16 - CMPXCHG16B instruction                           = 1 (1)
00:00:03.835144   TPRUPDATE - xTPR Update Control                         = 0 (0)
00:00:03.835145   PDCM - Perf/Debug Capability MSR                        = 0 (0)
00:00:03.835145   PCID - Process Context Identifiers                      = 0 (0)
00:00:03.835146   DCA - Direct Cache Access                               = 0 (0)
00:00:03.835146   SSE4_1 - SSE4_1 support                                 = 1 (1)
00:00:03.835147   SSE4_2 - SSE4_2 support                                 = 1 (1)
00:00:03.835147   X2APIC - x2APIC support                                 = 0 (1)
00:00:03.835148   MOVBE - MOVBE instruction                               = 1 (1)
00:00:03.835148   POPCNT - POPCNT instruction                             = 1 (1)
00:00:03.835149   TSCDEADL - Time Stamp Counter Deadline                  = 0 (0)
00:00:03.835149   AES - AES instructions                                  = 1 (1)
00:00:03.835150   XSAVE - XSAVE instruction                               = 1 (1)
00:00:03.835150   OSXSAVE - OSXSAVE instruction                           = 0 (1)
00:00:03.835151   AVX - AVX support                                       = 1 (1)
00:00:03.835151   F16C - 16-bit floating point conversion instructions    = 0 (1)
00:00:03.835152   RDRAND - RDRAND instruction                             = 1 (1)
00:00:03.835152   HVP - Hypervisor Present (we're a guest)                = 0 (0)
00:00:03.835153 Structured Extended Feature Flags Enumeration (leaf 7):
00:00:03.835153   Mnemonic - Description                                  = guest (host)
00:00:03.835153   FSGSBASE - RDFSBASE/RDGSBASE/WRFSBASE/WRGSBASE instr.   = 1 (1)
00:00:03.835154   TSCADJUST - Supports MSR_IA32_TSC_ADJUST                = 0 (0)
00:00:03.835154   SGX - Supports Software Guard Extensions                = 0 (0)
00:00:03.835155   BMI1 - Advanced Bit Manipulation extension 1            = 1 (1)
00:00:03.835155   HLE - Hardware Lock Elision                             = 0 (0)
00:00:03.835155   AVX2 - Advanced Vector Extensions 2                     = 1 (1)
00:00:03.835156   FDP_EXCPTN_ONLY - FPU DP only updated on exceptions     = 0 (0)
00:00:03.835156   SMEP - Supervisor Mode Execution Prevention             = 0 (1)
00:00:03.835157   BMI2 - Advanced Bit Manipulation extension 2            = 1 (1)
00:00:03.835157   ERMS - Enhanced REP MOVSB/STOSB instructions            = 0 (1)
00:00:03.835157   INVPCID - INVPCID instruction                           = 1 (1)
00:00:03.835158   RTM - Restricted Transactional Memory                   = 0 (0)
00:00:03.835158   PQM - Platform Quality of Service Monitoring            = 0 (1)
00:00:03.835159   DEPFPU_CS_DS - Deprecates FPU CS, FPU DS values if set  = 0 (0)
00:00:03.835159   MPE - Intel Memory Protection Extensions                = 0 (0)
00:00:03.835159   PQE - Platform Quality of Service Enforcement           = 0 (1)
00:00:03.835160   AVX512F - AVX512 Foundation instructions                = 0 (0)
00:00:03.835160   RDSEED - RDSEED instruction                             = 1 (1)
00:00:03.835161   ADX - ADCX/ADOX instructions                            = 0 (1)
00:00:03.835161   SMAP - Supervisor Mode Access Prevention                = 0 (1)
00:00:03.835162   CLFLUSHOPT - CLFLUSHOPT (Cache Line Flush) instruction  = 1 (1)
00:00:03.835162   CLWB - CLWB instruction                                 = 0 (1)
00:00:03.835162   INTEL_PT - Intel Processor Trace                        = 0 (0)
00:00:03.835163   AVX512PF - AVX512 Prefetch instructions                 = 0 (0)
00:00:03.835163   AVX512ER - AVX512 Exponential & Reciprocal instructions = 0 (0)
00:00:03.835164   AVX512CD - AVX512 Conflict Detection instructions       = 0 (0)
00:00:03.835164   SHA - Secure Hash Algorithm extensions                  = 0 (1)
00:00:03.835164   PREFETCHWT1 - PREFETCHWT1 instruction                   = 0 (0)
00:00:03.835165   UMIP - User mode insturction prevention                 = 0 (1)
00:00:03.835165   PKU - Protection Key for Usermode pages                 = 0 (1)
00:00:03.835166   OSPKE - CR4.PKU mirror                                  = 0 (0)
00:00:03.835166    7 - Reserved                                           = 0 (1)
00:00:03.835167    9 - Reserved                                           = 0 (1)
00:00:03.835168   10 - Reserved                                           = 0 (1)
00:00:03.835168   MAWAU - Value used by BNDLDX & BNDSTX                   = 0x0 (0x0)
00:00:03.835169   RDPID - Read processor ID support                       = 0 (1)
00:00:03.835169   SGX_LC - Supports SGX Launch Configuration              = 0 (0)
00:00:03.835170    4 - Reserved                                           = 0 (1)
00:00:03.835170   MD_CLEAR - Supports MDS related buffer clearing         = 0 (0)
00:00:03.835171   IBRS_IBPB - IA32_SPEC_CTRL.IBRS and IA32_PRED_CMD.IBPB  = 0 (0)
00:00:03.835171   STIBP - Supports IA32_SPEC_CTRL.STIBP                   = 0 (0)
00:00:03.835172   FLUSH_CMD - Supports IA32_FLUSH_CMD                     = 0 (0)
00:00:03.835172   ARCHCAP - Supports IA32_ARCH_CAP                        = 0 (0)
00:00:03.835172   CORECAP - Supports IA32_CORE_CAP                        = 0 (0)
00:00:03.835173   SSBD - Supports IA32_SPEC_CTRL.SSBD                     = 0 (0)
00:00:03.835173 Processor Extended State Enumeration (leaf 0xd):
00:00:03.835174    XSAVE area cur/max size by XCR0, guest: 0x340/0x340
00:00:03.835174     XSAVE area cur/max size by XCR0, host: 0x340/0x988
00:00:03.835174                    Valid XCR0 bits, guest: 0x00000000`00000007 ( x87 SSE YMM_Hi128 )
00:00:03.835183                     Valid XCR0 bits, host: 0x00000000`00000207 ( x87 SSE YMM_Hi128 9 )
00:00:03.835184                     XSAVE features, guest:
00:00:03.835185                      XSAVE features, host: XSAVEOPT XSAVEC XGETBC1 XSAVES
00:00:03.835186       XSAVE area cur size XCR0|XSS, guest: 0x350
00:00:03.835186        XSAVE area cur size XCR0|XSS, host: 0x350
00:00:03.835186                Valid IA32_XSS bits, guest: 0x00000000`00000000
00:00:03.835186                 Valid IA32_XSS bits, host: 0x00001800`00000000 ( 43 44 )
00:00:03.835187   State #2, guest: off=0x0240, cb=0x0100 IA32_XSS-bit -- YMM_Hi128
00:00:03.835188   State #2, host:  off=0x0240, cb=0x0100 IA32_XSS-bit -- YMM_Hi128
00:00:03.835189   State #9, host:  off=0x0980, cb=0x0008 IA32_XSS-bit -- 9
00:00:03.835189   State #11, host:  off=0x0000, cb=0x0010 XCR0-bit -- 11
00:00:03.835190   State #12, host:  off=0x0000, cb=0x0018 XCR0-bit -- 12
00:00:03.835192          Unknown CPUID Leaves
00:00:03.835193      Leaf/sub-leaf  eax      ebx      ecx      edx
00:00:03.835193 Gst: 0000000f/0001  00000000 00000000 00000000 00000000
00:00:03.835193 Hst:                00000000 00000040 000000ff 00000007
00:00:03.835194 Gst: 0000000f/0002  00000000 00000000 00000000 00000000
00:00:03.835194 Hst:                00000000 00000000 00000000 00000000
00:00:03.835194 Gst: 00000010/0000  00000000 00000000 00000000 00000000
00:00:03.835195 Hst:                00000000 00000002 00000000 00000000
00:00:03.835195 Gst: 00000010/0001  00000000 00000000 00000000 00000000
00:00:03.835195 Hst:                0000000f 00000000 00000004 0000000f
00:00:03.835195 Gst: 00000010/0002  00000000 00000000 00000000 00000000
00:00:03.835196 Hst:                00000000 00000000 00000000 00000000
00:00:03.835196          Raw Extended CPUID Leaves
00:00:03.835196      Leaf/sub-leaf  eax      ebx      ecx      edx
00:00:03.835196 Gst: 80000000/0000  8000001e 68747541 444d4163 69746e65
00:00:03.835197 Hst:                80000023 68747541 444d4163 69746e65
00:00:03.835197 Gst: 80000001/0000  00a20f12 20000000 000001f1 0bc3fb3f
00:00:03.835198 Hst:                00a20f12 20000000 75c237ff 2fd3fbff
00:00:03.835198 Gst: 80000002/0000  20444d41 657a7952 2039206e 30303935
00:00:03.835198 Hst:                20444d41 657a7952 2039206e 30303935
00:00:03.835199 Gst: 80000003/0000  32312058 726f432d 72502065 7365636f
00:00:03.835199 Hst:                32312058 726f432d 72502065 7365636f
00:00:03.835199 Gst: 80000004/0000  20726f73 20202020 20202020 00202020
00:00:03.835200 Hst:                20726f73 20202020 20202020 00202020
00:00:03.835200 Gst: 80000005/0000  ff40ff40 ff40ff40 20080140 20080140
00:00:03.835200 Hst:                ff40ff40 ff40ff40 20080140 20080140
00:00:03.835201 Gst: 80000006/0000  48002200 68004200 02006140 02009140
00:00:03.835201 Hst:                48002200 68004200 02006140 02009140
00:00:03.835201 Gst: 80000007/0000  00000000 00000000 00000000 00000100
00:00:03.835202 Hst:                00000000 0000003b 00000000 00006799
00:00:03.835202 Gst: 80000008/0000  00003030 04000000 00000000 00000000
00:00:03.835202 Hst:                00003030 111ef657 00005017 00010000
00:00:03.835203 Gst: 80000009/0000  00000000 00000000 00000000 00000000
00:00:03.835203 Hst:                00000000 00000000 00000000 00000000
00:00:03.835203 Gst: 8000000a/0000  00000000 00000000 00000000 00000000
00:00:03.835204 Hst:                00000001 00008000 00000000 101bbcff
00:00:03.835204 Gst: 8000000b/0000  00000000 00000000 00000000 00000000
00:00:03.835204 Hst:                00000000 00000000 00000000 00000000
00:00:03.835204 Gst: 8000000c/0000  00000000 00000000 00000000 00000000
00:00:03.835205 Hst:                00000000 00000000 00000000 00000000
00:00:03.835205 Gst: 8000000d/0000  00000000 00000000 00000000 00000000
00:00:03.835205 Hst:                00000000 00000000 00000000 00000000
00:00:03.835206 Gst: 8000000e/0000  00000000 00000000 00000000 00000000
00:00:03.835206 Hst:                00000000 00000000 00000000 00000000
00:00:03.835206 Gst: 8000000f/0000  00000000 00000000 00000000 00000000
00:00:03.835206 Hst:                00000000 00000000 00000000 00000000
00:00:03.835207 Gst: 80000010/0000  00000000 00000000 00000000 00000000
00:00:03.835207 Hst:                00000000 00000000 00000000 00000000
00:00:03.835207 Gst: 80000011/0000  00000000 00000000 00000000 00000000
00:00:03.835207 Hst:                00000000 00000000 00000000 00000000
00:00:03.835208 Gst: 80000012/0000  00000000 00000000 00000000 00000000
00:00:03.835208 Hst:                00000000 00000000 00000000 00000000
00:00:03.835208 Gst: 80000013/0000  00000000 00000000 00000000 00000000
00:00:03.835209 Hst:                00000000 00000000 00000000 00000000
00:00:03.835209 Gst: 80000014/0000  00000000 00000000 00000000 00000000
00:00:03.835209 Hst:                00000000 00000000 00000000 00000000
00:00:03.835209 Gst: 80000015/0000  00000000 00000000 00000000 00000000
00:00:03.835210 Hst:                00000000 00000000 00000000 00000000
00:00:03.835210 Gst: 80000016/0000  00000000 00000000 00000000 00000000
00:00:03.835210 Hst:                00000000 00000000 00000000 00000000
00:00:03.835210 Gst: 80000017/0000  00000000 00000000 00000000 00000000
00:00:03.835211 Hst:                00000000 00000000 00000000 00000000
00:00:03.835211 Gst: 80000018/0000  00000000 00000000 00000000 00000000
00:00:03.835211 Hst:                00000000 00000000 00000000 00000000
00:00:03.835212 Gst: 80000019/0000  f040f040 f0400000 00000000 00000000
00:00:03.835212 Hst:                f040f040 f0400000 00000000 00000000
00:00:03.835212 Gst: 8000001a/0000  00000002 00000000 00000000 00000000
00:00:03.835212 Hst:                00000006 00000000 00000000 00000000
00:00:03.835213 Gst: 8000001b/0000  00000000 00000000 00000000 00000000
00:00:03.835213 Hst:                000003ff 00000000 00000000 00000000
00:00:03.835213 Gst: 8000001c/0000  00000000 00000000 00000000 00000000
00:00:03.835214 Hst:                00000000 00000000 00000000 00000000
00:00:03.835214 Gst: 8000001d/0000  00000121 01c0003f 0000003f 00000000
00:00:03.835214 Hst:                00004121 01c0003f 0000003f 00000000
00:00:03.835215 Gst: 8000001d/0001  00000122 01c0003f 0000003f 00000000
00:00:03.835215 Hst:                00004122 01c0003f 0000003f 00000000
00:00:03.835215 Gst: 8000001d/0002  00000143 01c0003f 000003ff 00000002
00:00:03.835216 Hst:                00004143 01c0003f 000003ff 00000002
00:00:03.835216 Gst: 8000001d/0003  00000163 03c0003f 00007fff 00000001
00:00:03.835216 Hst:                0002c163 03c0003f 00007fff 00000001
00:00:03.835217 Gst: 8000001d/0004  00000000 00000000 00000000 00000000
00:00:03.835217 Hst:                00000000 00000000 00000000 00000000
00:00:03.835217 Gst: 8000001e/0000  00000000 00000000 00000000 00000000
00:00:03.835217 Hst:                0000000a 00000105 00000000 00000000
00:00:03.835218 Hst: 8000001f/0000  0001780f 00000173 000001fd 00000001
00:00:03.835218 Hst: 80000020/0000  00000000 00000002 00000000 00000000
00:00:03.835219 Hst: 80000021/0000  0000004d 00000000 00000000 00000000
00:00:03.835219 Hst: 80000022/0000  00000000 00000000 00000000 00000000
00:00:03.835219 Hst: 80000023/0000  00000000 00000000 00000000 00000000
00:00:03.835220 Ext Name:                        AuthenticAMD
00:00:03.835220 Ext Supports:                    0x80000000-0x8000001e
00:00:03.835220 Family:                          15  	Extended: 10 	Effective: 25
00:00:03.835221 Model:                           1  	Extended: 2 	Effective: 33
00:00:03.835221 Stepping:                        2
00:00:03.835221 Brand ID:                        0x000
00:00:03.835221 Ext Features
00:00:03.835221   Mnemonic - Description                                  = guest (host)
00:00:03.835222   FPU - x87 FPU on Chip                                   = 1 (1)
00:00:03.835222   VME - Virtual 8086 Mode Enhancements                    = 1 (1)
00:00:03.835223   DE - Debugging extensions                               = 1 (1)
00:00:03.835223   PSE - Page Size Extension                               = 1 (1)
00:00:03.835224   TSC - Time Stamp Counter                                = 1 (1)
00:00:03.835224   MSR - K86 Model Specific Registers                      = 1 (1)
00:00:03.835225   PAE - Physical Address Extension                        = 0 (1)
00:00:03.835225   MCE - Machine Check Exception                           = 0 (1)
00:00:03.835226   CX8 - CMPXCHG8B instruction                             = 1 (1)
00:00:03.835226   APIC - APIC On-Chip                                     = 1 (1)
00:00:03.835227   SEP - SYSCALL/SYSRET                                    = 1 (1)
00:00:03.835227   MTRR - Memory Type Range Registers                      = 1 (1)
00:00:03.835228   PGE - PTE Global Bit                                    = 1 (1)
00:00:03.835228   MCA - Machine Check Architecture                        = 1 (1)
00:00:03.835229   CMOV - Conditional Move instructions                    = 1 (1)
00:00:03.835229   PAT - Page Attribute Table                              = 1 (1)
00:00:03.835230   PSE-36 - 36-bit Page Size Extension                     = 1 (1)
00:00:03.835230   NX - No-Execute/Execute-Disable                         = 0 (1)
00:00:03.835231   AXMMX - AMD Extensions to MMX instructions              = 1 (1)
00:00:03.835231   MMX - Intel MMX Technology                              = 1 (1)
00:00:03.835232   FXSR - FXSAVE and FXRSTOR Instructions                  = 1 (1)
00:00:03.835232   FFXSR - AMD fast FXSAVE and FXRSTOR instructions        = 1 (1)
00:00:03.835232   Page1GB - 1 GB large page                               = 0 (1)
00:00:03.835233   RDTSCP - RDTSCP instruction                             = 1 (1)
00:00:03.835233   LM - AMD64 Long Mode                                    = 0 (1)
00:00:03.835234   3DNOWEXT - AMD Extensions to 3DNow                      = 0 (0)
00:00:03.835234   3DNOW - AMD 3DNow                                       = 0 (0)
00:00:03.835243   LahfSahf - LAHF/SAHF support in 64-bit mode             = 1 (1)
00:00:03.835244   CmpLegacy - Core multi-processing legacy mode           = 0 (1)
00:00:03.835244   SVM - AMD Secure Virtual Machine extensions             = 0 (1)
00:00:03.835244   EXTAPIC - AMD Extended APIC registers                   = 0 (1)
00:00:03.835245   CR8L - AMD LOCK MOV CR0 means MOV CR8                   = 1 (1)
00:00:03.835245   ABM - AMD Advanced Bit Manipulation                     = 1 (1)
00:00:03.835246   SSE4A - SSE4A instructions                              = 1 (1)
00:00:03.835246   MISALIGNSSE - AMD Misaligned SSE mode                   = 1 (1)
00:00:03.835247   3DNOWPRF - AMD PREFETCH and PREFETCHW instructions      = 1 (1)
00:00:03.835247   OSVW - AMD OS Visible Workaround                        = 0 (1)
00:00:03.835247   IBS - Instruct Based Sampling                           = 0 (1)
00:00:03.835248   XOP - Extended Operation support                        = 0 (0)
00:00:03.835248   SKINIT - SKINIT, STGI, and DEV support                  = 0 (1)
00:00:03.835249   WDT - AMD Watchdog Timer support                        = 0 (1)
00:00:03.835249   LWP - Lightweight Profiling support                     = 0 (0)
00:00:03.835250   FMA4 - Four operand FMA instruction support             = 0 (0)
00:00:03.835250   TCE - Translation Cache Extension support               = 0 (1)
00:00:03.835251   NodeId - NodeId in MSR C001_100C                        = 0 (0)
00:00:03.835251   TBM - Trailing Bit Manipulation instructions            = 0 (0)
00:00:03.835251   TOPOEXT - Topology Extensions                           = 0 (1)
00:00:03.835252   PRFEXTCORE - Performance Counter Extensions support     = 0 (1)
00:00:03.835252   PRFEXTNB - NB Performance Counter Extensions support    = 0 (1)
00:00:03.835253   DATABPEXT - Data-access Breakpoint Extension            = 0 (1)
00:00:03.835253   PERFTSC - Performance Time Stamp Counter                = 0 (0)
00:00:03.835253   PCX_L2I - L2I/L3 Performance Counter Extensions         = 0 (1)
00:00:03.835254   MONITORX - MWAITX and MONITORX instructions             = 0 (1)
00:00:03.835264   AddrMaskExt - BP Addressing masking extended to bit 31  = 0 (1)
00:00:03.835265 SVM Feature Identification (leaf A):
00:00:03.835265   NP - Nested Paging                                      = 0 (1)
00:00:03.835266   LbrVirt - Last Branch Record Virtualization             = 0 (1)
00:00:03.835267   SVML - SVM Lock                                         = 0 (1)
00:00:03.835268   NRIPS - NextRIP Save                                    = 0 (1)
00:00:03.835269   TscRateMsr - MSR based TSC rate control                 = 0 (1)
00:00:03.835269   VmcbClean - VMCB clean bits                             = 0 (1)
00:00:03.835270   FlushByASID - Flush by ASID                             = 0 (1)
00:00:03.835271   DecodeAssists - Decode Assists                          = 0 (1)
00:00:03.835272   PauseFilter - Pause intercept filter                    = 0 (1)
00:00:03.835273   11 - Reserved                                           = 0 (1)
00:00:03.835274   PauseFilterThreshold - Pause filter threshold           = 0 (1)
00:00:03.835274   AVIC - Advanced Virtual Interrupt Controller            = 0 (1)
00:00:03.835275   VMSAVEVirt - VMSAVE and VMLOAD Virtualization           = 0 (1)
00:00:03.835276   VGIF - Virtual Global-Interrupt Flag                    = 0 (1)
00:00:03.835276   GMET - Guest Mode Execute Trap Extension                = 0 (1)
00:00:03.835277   x2AVIC - AVIC support for x2APIC mode                   = 0 (0)
00:00:03.835278   SSSCheck - SVM supervisor shadow stack restrictions     = 0 (1)
00:00:03.835278   SpecCtrl - SPEC_CTRL virtualization                     = 0 (1)
00:00:03.835279   ROGPT - Read-Only Guest Page Table feature support      = 0 (0)
00:00:03.835280   HOST_MCE_OVERRIDE - Guest #MC can be intercepted        = 0 (0)
00:00:03.835280   TlbiCtl - INVLPGB/TLBSYNC enable and intercept          = 0 (0)
00:00:03.835281   VNMI - NMI Virtualization                               = 0 (0)
00:00:03.835281   IbsVirt - IBS Virtualization                            = 0 (0)
00:00:03.835282   ExtLvtAvicAccessChg - Extended LVT access changes       = 0 (0)
00:00:03.835283   NestedVirtVmcbAddrChk - Guest VMCB address check        = 0 (1)
00:00:03.835283   BusLockThreshold - Bus Lock Threshold                   = 0 (0)
00:00:03.835284 Full Name:                       "AMD Ryzen 9 5900X 12-Core Processor            "
00:00:03.835285 TLB 2/4M Instr/Uni:              fully  64 entries
00:00:03.835285 TLB 2/4M Data:                   fully  64 entries
00:00:03.835285 TLB 4K Instr/Uni:                fully  64 entries
00:00:03.835286 TLB 4K Data:                     fully  64 entries
00:00:03.835286 L1 Instr Cache Line Size:        64 bytes
00:00:03.835286 L1 Instr Cache Lines Per Tag:    1
00:00:03.835287 L1 Instr Cache Associativity:    8 way
00:00:03.835287 L1 Instr Cache Size:             32 KB
00:00:03.835287 L1 Data Cache Line Size:         64 bytes
00:00:03.835287 L1 Data Cache Lines Per Tag:     1
00:00:03.835288 L1 Data Cache Associativity:     8 way
00:00:03.835288 L1 Data Cache Size:              32 KB
00:00:03.835288 L2 TLB 2/4M Instr/Uni:           2 way   512 entries
00:00:03.835289 L2 TLB 2/4M Data:                4 way  2048 entries
00:00:03.835289 L2 TLB 4K Instr/Uni:             4 way   512 entries
00:00:03.835289 L2 TLB 4K Data:                  8 way  2048 entries
00:00:03.835290 L2 Cache Line Size:              64 bytes
00:00:03.835290 L2 Cache Lines Per Tag:          1
00:00:03.835290 L2 Cache Associativity:          res9  
00:00:03.835290 L2 Cache Size:                   512 KB
00:00:03.835291   TS - Temperature Sensor                                 = 0 (1)
00:00:03.835291   FID - Frequency ID control                              = 0 (0)
00:00:03.835292   VID - Voltage ID control                                = 0 (0)
00:00:03.835293   TTP - Thermal Trip                                      = 0 (1)
00:00:03.835294   TM - Hardware Thermal Control (HTC)                     = 0 (1)
00:00:03.835295   100MHzSteps - 100 MHz Multiplier control                = 0 (0)
00:00:03.835295   HwPstate - Hardware P-state control                     = 0 (1)
00:00:03.835296   TscInvariant - Invariant Time Stamp Counter             = 1 (1)
00:00:03.835296   CPB - Core Performance Boost                            = 0 (1)
00:00:03.835297   EffFreqRO - Read-only Effective Frequency Interface     = 0 (1)
00:00:03.835298   ProcFdbkIf - Processor Feedback Interface               = 0 (0)
00:00:03.835298   ProcPwrRep - Core power reporting interface support     = 0 (0)
00:00:03.835299   ConnectedStandby - Connected Standby                    = 0 (1)
00:00:03.835299   RAPL - Running average power limit                      = 0 (1)
00:00:03.835300   CLZERO - Clear zero instruction (cacheline)             = 0 (1)
00:00:03.835301   IRPerf - Instructions retired count support             = 0 (1)
00:00:03.835302   XSaveErPtr - Save/restore error pointers (FXSAVE/RSTOR*) = 0 (1)
00:00:03.835302   INVLPGB - INVLPGB and TLBSYNC instructions              = 0 (0)
00:00:03.835303   RDPRU - RDPRU instruction                               = 0 (1)
00:00:03.835304   BE - Bandwidth Enforcement extension                    = 0 (1)
00:00:03.835304   MCOMMIT - MCOMMIT instruction                           = 0 (0)
00:00:03.835305   WBNOINVD - WBNOINVD instruction                         = 0 (1)
00:00:03.835306   10 - Reserved                                           = 0 (1)
00:00:03.835307   IBPB - Supports the IBPB command in IA32_PRED_CMD       = 0 (1)
00:00:03.835307   INT_WBINVD - WBINVD/WBNOINVD interruptible              = 0 (1)
00:00:03.835308   IBRS - Indirect Branch Restricted Speculation           = 0 (1)
00:00:03.835309   STIBP - Single Thread Indirect Branch Prediction        = 0 (1)
00:00:03.835309   IbrsAlwaysOn - Processor prefers that IBRS be left on   = 0 (0)
00:00:03.835310   StibpAlwaysOn - Processor prefers that STIBP be left on = 0 (1)
00:00:03.835310   IbrsPreferred - IBRS preferred over software solution   = 0 (1)
00:00:03.835311   IbrsSameMode - IBRS limits same mode speculation        = 0 (1)
00:00:03.835311   EferLmsleUnsupported - EFER.LMSLE is unsupported        = 0 (1)
00:00:03.835312   INVLPGBnestedPages - INVLPGB for nested translation     = 0 (0)
00:00:03.835312   SSBD - Speculative Store Bypass Disable                 = 0 (1)
00:00:03.835312   SsbdVirtSpecCtrl - Use VIRT_SPEC_CTL for SSBD           = 0 (0)
00:00:03.835313   SsbdNotRequired - SSBD not needed on this processor     = 1 (0)
00:00:03.835313   CPPC - Collaborative Processor Performance Control      = 0 (0)
00:00:03.835314   PSFD - Predictive Store Forward Disable                 = 0 (1)
00:00:03.835314   BTC_NO - Unaffected by branch type confusion            = 0 (0)
00:00:03.835314   IBPB_RET - Clears RA predictor when PRED_CMD.IBPB set   = 0 (0)
00:00:03.835315 Physical Address Width:          48 bits
00:00:03.835315 Virtual Address Width:           48 bits
00:00:03.835315 Guest Physical Address Width:    0 bits
00:00:03.835315 Physical Core Count:             1
00:00:03.835316 
00:00:03.835316 ******************** End of CPUID dump **********************
00:00:03.834930 HM: fUsePauseFilter=false fUseLbrVirt=false fUseVGif=true fUseVirtVmsaveVmload=true
00:00:03.835444 VMEmt: Halt method global1 (5)
00:00:03.835460 VMEmt: HaltedGlobal1 config: cNsSpinBlockThresholdCfg=50000
00:00:03.835464 Changing the VM state from 'CREATING' to 'CREATED'
00:00:03.836449 Changing the VM state from 'CREATED' to 'POWERING_ON'
00:00:03.836536 Changing the VM state from 'POWERING_ON' to 'RUNNING'
00:00:03.836545 Console: Machine state changed to 'Running'
00:00:03.837636 VMMDev: Guest Log: BIOS: VirtualBox 7.0.16
00:00:03.837732 PCI: Setting up resources and interrupts
00:00:03.837951 PIT: mode=2 count=0x10000 (65536) - 18.20 Hz (ch=0)
00:00:03.839931 GUI: UIMachineViewNormal::resendSizeHint: Restoring guest size-hint for screen 0 to 800x600
00:00:03.844032 GUI: HID LEDs sync is enabled
00:00:03.846677 ERROR [COM]: aRC=VBOX_E_VM_ERROR (0x80bb0003) aIID={4680b2de-8690-11e9-b83d-5719e53cf1de} aComponent={DisplayWrap} aText={Could not take a screenshot (VERR_NOT_SUPPORTED)}, preserve=false aResultDetail=-37
00:00:03.848563 Display::i_handleDisplayResize: uScreenId=0 pvVRAM=0000000000000000 w=720 h=400 bpp=0 cbLine=0x0 flags=0x0 origin=0,0
00:00:03.849054 VMMDev: Guest Log: CPUID EDX: 0x178bfbbf
00:00:03.849094 PIIX3 ATA: Ctl#0: RESET, DevSel=0 AIOIf=0 CmdIf0=0x00 (-1 usec ago) CmdIf1=0x00 (-1 usec ago)
00:00:03.849115 PIIX3 ATA: Ctl#0: finished processing RESET
00:00:03.849376 VMMDev: Guest Log: BIOS: ata0-0: PCHS=81/16/63 LCHS=81/16/63
00:00:03.850508 GUI: UIMachineLogicNormal::sltCheckForRequestedVisualStateType: Requested-state=1, Machine-state=6
00:00:03.851822 PIT: mode=2 count=0x48d3 (18643) - 64.00 Hz (ch=0)
00:00:03.871264 Display::i_handleDisplayResize: uScreenId=0 pvVRAM=0000022641e40000 w=640 h=480 bpp=32 cbLine=0xA00 flags=0x0 origin=0,0
00:00:06.327431 PIT: mode=2 count=0x10000 (65536) - 18.20 Hz (ch=0)
00:00:06.327574 VMMDev: Guest Log: BIOS: Boot : bseqnr=1, bootseq=0012
00:00:06.328034 VMMDev: Guest Log: BIOS: Booting from Hard Disk...
00:00:06.382857 Display::i_handleDisplayResize: uScreenId=0 pvVRAM=0000000000000000 w=720 h=400 bpp=0 cbLine=0x0 flags=0x0 origin=0,0
00:00:06.703136 GUI: UIMediumEnumerator: Medium-enumeration finished!
00:04:43.242690 PIT: mode=3 count=0x4dae (19886) - 60.00 Hz (ch=0)
01:31:05.983095 Audio: Device configuration of driver 'WasAPI' has changed
01:31:06.324320 Audio: Found 5 devices for driver 'WasAPI'
01:31:06.324332 Audio: Device 'Altavoces (Realtek(R) Audio)':
01:31:06.324332 Audio:   ID              = {0.0.0.00000000}.{1b27164f-5a39-45f1-bd23-2be66abda7ba}
01:31:06.324333 Audio:   Usage           = output
01:31:06.324333 Audio:   Flags           = DEFAULT_OUT
01:31:06.324333 Audio:   Input channels  = 0
01:31:06.324333 Audio:   Output channels = 2
01:31:06.324337 Audio: Device 'Altavoces (Realtek(R) Audio)':
01:31:06.324337 Audio:   ID              = {0.0.0.00000000}.{1b27164f-5a39-45f1-bd23-2be66abda7ba}
01:31:06.324337 Audio:   Usage           = output
01:31:06.324337 Audio:   Flags           = NONE
01:31:06.324337 Audio:   Input channels  = 0
01:31:06.324338 Audio:   Output channels = 2
01:31:06.324340 Audio: Device 'Realtek Digital Output (Realtek(R) Audio)':
01:31:06.324341 Audio:   ID              = {0.0.0.00000000}.{dfa01164-9917-48a3-a6a2-73633af4710b}
01:31:06.324341 Audio:   Usage           = output
01:31:06.324341 Audio:   Flags           = NONE
01:31:06.324341 Audio:   Input channels  = 0
01:31:06.324341 Audio:   Output channels = 2
01:31:06.324343 Audio: Device 'Micrófono (DroidCam Virtual Audio)':
01:31:06.324344 Audio:   ID              = {0.0.1.00000000}.{070340c0-54c7-4bfa-aeb1-7b4d7f679c25}
01:31:06.324344 Audio:   Usage           = input
01:31:06.324344 Audio:   Flags           = DEFAULT_IN
01:31:06.324344 Audio:   Input channels  = 1
01:31:06.324344 Audio:   Output channels = 0
01:31:06.324346 Audio: Device 'Micrófono (DroidCam Virtual Audio)':
01:31:06.324347 Audio:   ID              = {0.0.1.00000000}.{070340c0-54c7-4bfa-aeb1-7b4d7f679c25}
01:31:06.324347 Audio:   Usage           = input
01:31:06.324347 Audio:   Flags           = NONE
01:31:06.324347 Audio:   Input channels  = 1
01:31:06.324347 Audio:   Output channels = 0
01:33:00.984640 Audio: Device configuration of driver 'WasAPI' has changed
01:33:01.022950 Audio: Device configuration of driver 'WasAPI' has changed
01:33:01.364464 Audio: Found 6 devices for driver 'WasAPI'
01:33:01.364477 Audio: Device 'Altavoces (Realtek(R) Audio)':
01:33:01.364477 Audio:   ID              = {0.0.0.00000000}.{1b27164f-5a39-45f1-bd23-2be66abda7ba}
01:33:01.364478 Audio:   Usage           = output
01:33:01.364478 Audio:   Flags           = DEFAULT_OUT
01:33:01.364478 Audio:   Input channels  = 0
01:33:01.364479 Audio:   Output channels = 2
01:33:01.364482 Audio: Device 'Altavoces (Realtek(R) Audio)':
01:33:01.364483 Audio:   ID              = {0.0.0.00000000}.{1b27164f-5a39-45f1-bd23-2be66abda7ba}
01:33:01.364483 Audio:   Usage           = output
01:33:01.364483 Audio:   Flags           = NONE
01:33:01.364483 Audio:   Input channels  = 0
01:33:01.364483 Audio:   Output channels = 2
01:33:01.364486 Audio: Device 'PHL 246E9Q (NVIDIA High Definition Audio)':
01:33:01.364486 Audio:   ID              = {0.0.0.00000000}.{6315b4d0-5f3a-492f-9b8f-6acbafc86059}
01:33:01.364487 Audio:   Usage           = output
01:33:01.364487 Audio:   Flags           = NONE
01:33:01.364487 Audio:   Input channels  = 0
01:33:01.364487 Audio:   Output channels = 2
01:33:01.364490 Audio: Device 'Realtek Digital Output (Realtek(R) Audio)':
01:33:01.364490 Audio:   ID              = {0.0.0.00000000}.{dfa01164-9917-48a3-a6a2-73633af4710b}
01:33:01.364490 Audio:   Usage           = output
01:33:01.364490 Audio:   Flags           = NONE
01:33:01.364490 Audio:   Input channels  = 0
01:33:01.364491 Audio:   Output channels = 2
01:33:01.364496 Audio: Device 'Micrófono (DroidCam Virtual Audio)':
01:33:01.364496 Audio:   ID              = {0.0.1.00000000}.{070340c0-54c7-4bfa-aeb1-7b4d7f679c25}
01:33:01.364497 Audio:   Usage           = input
01:33:01.364497 Audio:   Flags           = DEFAULT_IN
01:33:01.364497 Audio:   Input channels  = 1
01:33:01.364497 Audio:   Output channels = 0
01:33:01.364502 Audio: Device 'Micrófono (DroidCam Virtual Audio)':
01:33:01.364502 Audio:   ID              = {0.0.1.00000000}.{070340c0-54c7-4bfa-aeb1-7b4d7f679c25}
01:33:01.364502 Audio:   Usage           = input
01:33:01.364502 Audio:   Flags           = NONE
01:33:01.364503 Audio:   Input channels  = 1
01:33:01.364503 Audio:   Output channels = 0
